2026-04-25 19:04:01,491 [Worker-7: Loading available Gradle versions] INFO  o.e.b.c.i.u.g.PublishedGradleVersions - Gradle version information cache is up-to-date. Trying to read.
2026-05-09 17:10:51,530 [Worker-2: Loading available Gradle versions] INFO  o.e.b.c.i.u.g.PublishedGradleVersions - Gradle version information cache is out-of-date. Trying to update.
2026-05-17 18:10:50,435 [ModalContext] INFO  o.e.m.c.i.e.AbstractTransferListenerAdapter - Downloading https://repo.maven.apache.org/maven2/org/apache/maven/archetypes/maven-archetype-quickstart/1.1/maven-archetype-quickstart-1.1.pom
2026-05-17 18:10:50,454 [ModalContext] INFO  o.e.m.c.i.e.AbstractTransferListenerAdapter - Downloaded https://repo.maven.apache.org/maven2/org/apache/maven/archetypes/maven-archetype-quickstart/1.1/maven-archetype-quickstart-1.1.pom
2026-05-17 18:10:50,531 [ModalContext] INFO  o.e.m.c.i.e.AbstractTransferListenerAdapter - Downloading https://repo.maven.apache.org/maven2/org/apache/maven/archetypes/maven-archetype-bundles/4/maven-archetype-bundles-4.pom
2026-05-17 18:10:50,536 [ModalContext] INFO  o.e.m.c.i.e.AbstractTransferListenerAdapter - Downloaded https://repo.maven.apache.org/maven2/org/apache/maven/archetypes/maven-archetype-bundles/4/maven-archetype-bundles-4.pom
2026-05-17 18:10:50,588 [ModalContext] INFO  o.e.m.c.i.e.AbstractTransferListenerAdapter - Downloading https://repo.maven.apache.org/maven2/org/apache/maven/archetype/maven-archetype/2.0-alpha-5/maven-archetype-2.0-alpha-5.pom
2026-05-17 18:10:50,598 [ModalContext] INFO  o.e.m.c.i.e.AbstractTransferListenerAdapter - Downloaded https://repo.maven.apache.org/maven2/org/apache/maven/archetype/maven-archetype/2.0-alpha-5/maven-archetype-2.0-alpha-5.pom
2026-05-17 18:10:50,678 [ModalContext] INFO  o.e.m.c.i.e.AbstractTransferListenerAdapter - Downloading https://repo.maven.apache.org/maven2/org/apache/maven/archetypes/maven-archetype-quickstart/1.1/maven-archetype-quickstart-1.1.jar
2026-05-17 18:10:50,698 [ModalContext] INFO  o.e.m.c.i.e.AbstractTransferListenerAdapter - Downloaded https://repo.maven.apache.org/maven2/org/apache/maven/archetypes/maven-archetype-quickstart/1.1/maven-archetype-quickstart-1.1.jar
2026-05-17 18:11:58,828 [Worker-323: Launching mavenrun-fd0ea494-d778-4e7a-81fa-3ba045a3b148] INFO  o.eclipse.m2e.core.internal.Bundles - getClasspathEntries(Bundle=org.eclipse.m2e.maven.runtime_3.9.900.20240824-1409 [642])
2026-05-17 18:11:58,832 [Worker-323: Launching mavenrun-fd0ea494-d778-4e7a-81fa-3ba045a3b148] INFO  o.eclipse.m2e.core.internal.Bundles - 	Entry: C:\Users\admin\.p2\pool\plugins\org.eclipse.m2e.maven.runtime_3.9.900.20240824-1409
2026-05-17 18:11:58,834 [Worker-323: Launching mavenrun-fd0ea494-d778-4e7a-81fa-3ba045a3b148] INFO  o.eclipse.m2e.core.internal.Bundles - 	Entry: C:\Users\admin\.p2\pool\plugins\org.eclipse.m2e.maven.runtime_3.9.900.20240824-1409\jars\aopalliance-1.0.jar
2026-05-17 18:11:58,834 [Worker-323: Launching mavenrun-fd0ea494-d778-4e7a-81fa-3ba045a3b148] INFO  o.eclipse.m2e.core.internal.Bundles - 	Entry: C:\Users\admin\.p2\pool\plugins\org.eclipse.m2e.maven.runtime_3.9.900.20240824-1409\jars\guice-5.1.0.jar
2026-05-17 18:11:58,835 [Worker-323: Launching mavenrun-fd0ea494-d778-4e7a-81fa-3ba045a3b148] INFO  o.eclipse.m2e.core.internal.Bundles - 	Entry: C:\Users\admin\.p2\pool\plugins\org.eclipse.m2e.maven.runtime_3.9.900.20240824-1409\jars\httpclient-4.5.14.jar
2026-05-17 18:11:58,835 [Worker-323: Launching mavenrun-fd0ea494-d778-4e7a-81fa-3ba045a3b148] INFO  o.eclipse.m2e.core.internal.Bundles - 	Entry: C:\Users\admin\.p2\pool\plugins\org.eclipse.m2e.maven.runtime_3.9.900.20240824-1409\jars\httpcore-4.4.16.jar
2026-05-17 18:11:58,835 [Worker-323: Launching mavenrun-fd0ea494-d778-4e7a-81fa-3ba045a3b148] INFO  o.eclipse.m2e.core.internal.Bundles - 	Entry: C:\Users\admin\.p2\pool\plugins\org.eclipse.m2e.maven.runtime_3.9.900.20240824-1409\jars\jansi-2.4.1.jar
2026-05-17 18:11:58,835 [Worker-323: Launching mavenrun-fd0ea494-d778-4e7a-81fa-3ba045a3b148] INFO  o.eclipse.m2e.core.internal.Bundles - 	Entry: C:\Users\admin\.p2\pool\plugins\org.eclipse.m2e.maven.runtime_3.9.900.20240824-1409\jars\jcl-over-slf4j-1.7.36.jar
2026-05-17 18:11:58,836 [Worker-323: Launching mavenrun-fd0ea494-d778-4e7a-81fa-3ba045a3b148] INFO  o.eclipse.m2e.core.internal.Bundles - 	Entry: C:\Users\admin\.p2\pool\plugins\org.eclipse.m2e.maven.runtime_3.9.900.20240824-1409\jars\maven-artifact-3.9.9.jar
2026-05-17 18:11:58,836 [Worker-323: Launching mavenrun-fd0ea494-d778-4e7a-81fa-3ba045a3b148] INFO  o.eclipse.m2e.core.internal.Bundles - 	Entry: C:\Users\admin\.p2\pool\plugins\org.eclipse.m2e.maven.runtime_3.9.900.20240824-1409\jars\maven-builder-support-3.9.9.jar
2026-05-17 18:11:58,836 [Worker-323: Launching mavenrun-fd0ea494-d778-4e7a-81fa-3ba045a3b148] INFO  o.eclipse.m2e.core.internal.Bundles - 	Entry: C:\Users\admin\.p2\pool\plugins\org.eclipse.m2e.maven.runtime_3.9.900.20240824-1409\jars\maven-compat-3.9.9.jar
2026-05-17 18:11:58,836 [Worker-323: Launching mavenrun-fd0ea494-d778-4e7a-81fa-3ba045a3b148] INFO  o.eclipse.m2e.core.internal.Bundles - 	Entry: C:\Users\admin\.p2\pool\plugins\org.eclipse.m2e.maven.runtime_3.9.900.20240824-1409\jars\maven-core-3.9.9.jar
2026-05-17 18:11:58,838 [Worker-323: Launching mavenrun-fd0ea494-d778-4e7a-81fa-3ba045a3b148] INFO  o.eclipse.m2e.core.internal.Bundles - 	Entry: C:\Users\admin\.p2\pool\plugins\org.eclipse.m2e.maven.runtime_3.9.900.20240824-1409\jars\maven-embedder-3.9.9.jar
2026-05-17 18:11:58,838 [Worker-323: Launching mavenrun-fd0ea494-d778-4e7a-81fa-3ba045a3b148] INFO  o.eclipse.m2e.core.internal.Bundles - 	Entry: C:\Users\admin\.p2\pool\plugins\org.eclipse.m2e.maven.runtime_3.9.900.20240824-1409\jars\maven-model-3.9.9.jar
2026-05-17 18:11:58,839 [Worker-323: Launching mavenrun-fd0ea494-d778-4e7a-81fa-3ba045a3b148] INFO  o.eclipse.m2e.core.internal.Bundles - 	Entry: C:\Users\admin\.p2\pool\plugins\org.eclipse.m2e.maven.runtime_3.9.900.20240824-1409\jars\maven-model-builder-3.9.9.jar
2026-05-17 18:11:58,839 [Worker-323: Launching mavenrun-fd0ea494-d778-4e7a-81fa-3ba045a3b148] INFO  o.eclipse.m2e.core.internal.Bundles - 	Entry: C:\Users\admin\.p2\pool\plugins\org.eclipse.m2e.maven.runtime_3.9.900.20240824-1409\jars\maven-plugin-api-3.9.9.jar
2026-05-17 18:11:58,841 [Worker-323: Launching mavenrun-fd0ea494-d778-4e7a-81fa-3ba045a3b148] INFO  o.eclipse.m2e.core.internal.Bundles - 	Entry: C:\Users\admin\.p2\pool\plugins\org.eclipse.m2e.maven.runtime_3.9.900.20240824-1409\jars\maven-repository-metadata-3.9.9.jar
2026-05-17 18:11:58,841 [Worker-323: Launching mavenrun-fd0ea494-d778-4e7a-81fa-3ba045a3b148] INFO  o.eclipse.m2e.core.internal.Bundles - 	Entry: C:\Users\admin\.p2\pool\plugins\org.eclipse.m2e.maven.runtime_3.9.900.20240824-1409\jars\maven-resolver-api-1.9.22.jar
2026-05-17 18:11:58,841 [Worker-323: Launching mavenrun-fd0ea494-d778-4e7a-81fa-3ba045a3b148] INFO  o.eclipse.m2e.core.internal.Bundles - 	Entry: C:\Users\admin\.p2\pool\plugins\org.eclipse.m2e.maven.runtime_3.9.900.20240824-1409\jars\maven-resolver-connector-basic-1.9.22.jar
2026-05-17 18:11:58,842 [Worker-323: Launching mavenrun-fd0ea494-d778-4e7a-81fa-3ba045a3b148] INFO  o.eclipse.m2e.core.internal.Bundles - 	Entry: C:\Users\admin\.p2\pool\plugins\org.eclipse.m2e.maven.runtime_3.9.900.20240824-1409\jars\maven-resolver-impl-1.9.22.jar
2026-05-17 18:11:58,842 [Worker-323: Launching mavenrun-fd0ea494-d778-4e7a-81fa-3ba045a3b148] INFO  o.eclipse.m2e.core.internal.Bundles - 	Entry: C:\Users\admin\.p2\pool\plugins\org.eclipse.m2e.maven.runtime_3.9.900.20240824-1409\jars\maven-resolver-named-locks-1.9.22.jar
2026-05-17 18:11:58,842 [Worker-323: Launching mavenrun-fd0ea494-d778-4e7a-81fa-3ba045a3b148] INFO  o.eclipse.m2e.core.internal.Bundles - 	Entry: C:\Users\admin\.p2\pool\plugins\org.eclipse.m2e.maven.runtime_3.9.900.20240824-1409\jars\maven-resolver-provider-3.9.9.jar
2026-05-17 18:11:58,843 [Worker-323: Launching mavenrun-fd0ea494-d778-4e7a-81fa-3ba045a3b148] INFO  o.eclipse.m2e.core.internal.Bundles - 	Entry: C:\Users\admin\.p2\pool\plugins\org.eclipse.m2e.maven.runtime_3.9.900.20240824-1409\jars\maven-resolver-spi-1.9.22.jar
2026-05-17 18:11:58,843 [Worker-323: Launching mavenrun-fd0ea494-d778-4e7a-81fa-3ba045a3b148] INFO  o.eclipse.m2e.core.internal.Bundles - 	Entry: C:\Users\admin\.p2\pool\plugins\org.eclipse.m2e.maven.runtime_3.9.900.20240824-1409\jars\maven-resolver-transport-file-1.9.22.jar
2026-05-17 18:11:58,843 [Worker-323: Launching mavenrun-fd0ea494-d778-4e7a-81fa-3ba045a3b148] INFO  o.eclipse.m2e.core.internal.Bundles - 	Entry: C:\Users\admin\.p2\pool\plugins\org.eclipse.m2e.maven.runtime_3.9.900.20240824-1409\jars\maven-resolver-transport-http-1.9.22.jar
2026-05-17 18:11:58,844 [Worker-323: Launching mavenrun-fd0ea494-d778-4e7a-81fa-3ba045a3b148] INFO  o.eclipse.m2e.core.internal.Bundles - 	Entry: C:\Users\admin\.p2\pool\plugins\org.eclipse.m2e.maven.runtime_3.9.900.20240824-1409\jars\maven-resolver-transport-wagon-1.9.22.jar
2026-05-17 18:11:58,844 [Worker-323: Launching mavenrun-fd0ea494-d778-4e7a-81fa-3ba045a3b148] INFO  o.eclipse.m2e.core.internal.Bundles - 	Entry: C:\Users\admin\.p2\pool\plugins\org.eclipse.m2e.maven.runtime_3.9.900.20240824-1409\jars\maven-resolver-util-1.9.22.jar
2026-05-17 18:11:58,844 [Worker-323: Launching mavenrun-fd0ea494-d778-4e7a-81fa-3ba045a3b148] INFO  o.eclipse.m2e.core.internal.Bundles - 	Entry: C:\Users\admin\.p2\pool\plugins\org.eclipse.m2e.maven.runtime_3.9.900.20240824-1409\jars\maven-settings-3.9.9.jar
2026-05-17 18:11:58,845 [Worker-323: Launching mavenrun-fd0ea494-d778-4e7a-81fa-3ba045a3b148] INFO  o.eclipse.m2e.core.internal.Bundles - 	Entry: C:\Users\admin\.p2\pool\plugins\org.eclipse.m2e.maven.runtime_3.9.900.20240824-1409\jars\maven-settings-builder-3.9.9.jar
2026-05-17 18:11:58,845 [Worker-323: Launching mavenrun-fd0ea494-d778-4e7a-81fa-3ba045a3b148] INFO  o.eclipse.m2e.core.internal.Bundles - 	Entry: C:\Users\admin\.p2\pool\plugins\org.eclipse.m2e.maven.runtime_3.9.900.20240824-1409\jars\maven-shared-utils-3.4.2.jar
2026-05-17 18:11:58,845 [Worker-323: Launching mavenrun-fd0ea494-d778-4e7a-81fa-3ba045a3b148] INFO  o.eclipse.m2e.core.internal.Bundles - 	Entry: C:\Users\admin\.p2\pool\plugins\org.eclipse.m2e.maven.runtime_3.9.900.20240824-1409\jars\org.eclipse.sisu.inject-0.9.0.M3.jar
2026-05-17 18:11:58,845 [Worker-323: Launching mavenrun-fd0ea494-d778-4e7a-81fa-3ba045a3b148] INFO  o.eclipse.m2e.core.internal.Bundles - 	Entry: C:\Users\admin\.p2\pool\plugins\org.eclipse.m2e.maven.runtime_3.9.900.20240824-1409\jars\org.eclipse.sisu.plexus-0.9.0.M3.jar
2026-05-17 18:11:58,845 [Worker-323: Launching mavenrun-fd0ea494-d778-4e7a-81fa-3ba045a3b148] INFO  o.eclipse.m2e.core.internal.Bundles - 	Entry: C:\Users\admin\.p2\pool\plugins\org.eclipse.m2e.maven.runtime_3.9.900.20240824-1409\jars\plexus-build-api-0.0.7.jar
2026-05-17 18:11:58,846 [Worker-323: Launching mavenrun-fd0ea494-d778-4e7a-81fa-3ba045a3b148] INFO  o.eclipse.m2e.core.internal.Bundles - 	Entry: C:\Users\admin\.p2\pool\plugins\org.eclipse.m2e.maven.runtime_3.9.900.20240824-1409\jars\plexus-build-api-1.2.0.jar
2026-05-17 18:11:58,846 [Worker-323: Launching mavenrun-fd0ea494-d778-4e7a-81fa-3ba045a3b148] INFO  o.eclipse.m2e.core.internal.Bundles - 	Entry: C:\Users\admin\.p2\pool\plugins\org.eclipse.m2e.maven.runtime_3.9.900.20240824-1409\jars\plexus-cipher-2.0.jar
2026-05-17 18:11:58,846 [Worker-323: Launching mavenrun-fd0ea494-d778-4e7a-81fa-3ba045a3b148] INFO  o.eclipse.m2e.core.internal.Bundles - 	Entry: C:\Users\admin\.p2\pool\plugins\org.eclipse.m2e.maven.runtime_3.9.900.20240824-1409\jars\plexus-classworlds-2.8.0.jar
2026-05-17 18:11:58,846 [Worker-323: Launching mavenrun-fd0ea494-d778-4e7a-81fa-3ba045a3b148] INFO  o.eclipse.m2e.core.internal.Bundles - 	Entry: C:\Users\admin\.p2\pool\plugins\org.eclipse.m2e.maven.runtime_3.9.900.20240824-1409\jars\plexus-component-annotations-2.1.0.jar
2026-05-17 18:11:58,848 [Worker-323: Launching mavenrun-fd0ea494-d778-4e7a-81fa-3ba045a3b148] INFO  o.eclipse.m2e.core.internal.Bundles - 	Entry: C:\Users\admin\.p2\pool\plugins\org.eclipse.m2e.maven.runtime_3.9.900.20240824-1409\jars\plexus-interpolation-1.27.jar
2026-05-17 18:11:58,848 [Worker-323: Launching mavenrun-fd0ea494-d778-4e7a-81fa-3ba045a3b148] INFO  o.eclipse.m2e.core.internal.Bundles - 	Entry: C:\Users\admin\.p2\pool\plugins\org.eclipse.m2e.maven.runtime_3.9.900.20240824-1409\jars\plexus-sec-dispatcher-2.0.jar
2026-05-17 18:11:58,848 [Worker-323: Launching mavenrun-fd0ea494-d778-4e7a-81fa-3ba045a3b148] INFO  o.eclipse.m2e.core.internal.Bundles - 	Entry: C:\Users\admin\.p2\pool\plugins\org.eclipse.m2e.maven.runtime_3.9.900.20240824-1409\jars\plexus-utils-3.5.1.jar
2026-05-17 18:11:58,849 [Worker-323: Launching mavenrun-fd0ea494-d778-4e7a-81fa-3ba045a3b148] INFO  o.eclipse.m2e.core.internal.Bundles - 	Entry: C:\Users\admin\.p2\pool\plugins\org.eclipse.m2e.maven.runtime_3.9.900.20240824-1409\jars\plexus-xml-3.0.1.jar
2026-05-17 18:11:58,849 [Worker-323: Launching mavenrun-fd0ea494-d778-4e7a-81fa-3ba045a3b148] INFO  o.eclipse.m2e.core.internal.Bundles - 	Entry: C:\Users\admin\.p2\pool\plugins\org.eclipse.m2e.maven.runtime_3.9.900.20240824-1409\jars\wagon-file-3.5.3.jar
2026-05-17 18:11:58,849 [Worker-323: Launching mavenrun-fd0ea494-d778-4e7a-81fa-3ba045a3b148] INFO  o.eclipse.m2e.core.internal.Bundles - 	Entry: C:\Users\admin\.p2\pool\plugins\org.eclipse.m2e.maven.runtime_3.9.900.20240824-1409\jars\wagon-http-3.5.3.jar
2026-05-17 18:11:58,850 [Worker-323: Launching mavenrun-fd0ea494-d778-4e7a-81fa-3ba045a3b148] INFO  o.eclipse.m2e.core.internal.Bundles - 	Entry: C:\Users\admin\.p2\pool\plugins\org.eclipse.m2e.maven.runtime_3.9.900.20240824-1409\jars\wagon-http-shared-3.5.3.jar
2026-05-17 18:11:58,850 [Worker-323: Launching mavenrun-fd0ea494-d778-4e7a-81fa-3ba045a3b148] INFO  o.eclipse.m2e.core.internal.Bundles - 	Entry: C:\Users\admin\.p2\pool\plugins\org.eclipse.m2e.maven.runtime_3.9.900.20240824-1409\jars\wagon-provider-api-3.5.3.jar
2026-05-17 18:11:58,852 [Worker-323: Launching mavenrun-fd0ea494-d778-4e7a-81fa-3ba045a3b148] INFO  o.eclipse.m2e.core.internal.Bundles - getClasspathEntries(Bundle=com.google.guava_33.3.0.jre [16])
2026-05-17 18:11:58,853 [Worker-323: Launching mavenrun-fd0ea494-d778-4e7a-81fa-3ba045a3b148] INFO  o.eclipse.m2e.core.internal.Bundles - 	Entry: C:\Users\admin\.p2\pool\plugins\com.google.guava_33.3.0.jre.jar
2026-05-17 18:11:58,853 [Worker-323: Launching mavenrun-fd0ea494-d778-4e7a-81fa-3ba045a3b148] INFO  o.eclipse.m2e.core.internal.Bundles - getClasspathEntries(Bundle=slf4j.api_2.0.16 [1007])
2026-05-17 18:11:58,854 [Worker-323: Launching mavenrun-fd0ea494-d778-4e7a-81fa-3ba045a3b148] INFO  o.eclipse.m2e.core.internal.Bundles - 	Entry: C:\Users\admin\.p2\pool\plugins\slf4j.api_2.0.16.jar
2026-05-17 18:11:58,854 [Worker-323: Launching mavenrun-fd0ea494-d778-4e7a-81fa-3ba045a3b148] INFO  o.eclipse.m2e.core.internal.Bundles - getClasspathEntries(Bundle=jakarta.inject.jakarta.inject-api_1.0.5 [34])
2026-05-17 18:11:58,855 [Worker-323: Launching mavenrun-fd0ea494-d778-4e7a-81fa-3ba045a3b148] INFO  o.eclipse.m2e.core.internal.Bundles - 	Entry: C:\Users\admin\.p2\pool\plugins\jakarta.inject.jakarta.inject-api_1.0.5.jar
2026-05-17 18:11:58,855 [Worker-323: Launching mavenrun-fd0ea494-d778-4e7a-81fa-3ba045a3b148] INFO  o.eclipse.m2e.core.internal.Bundles - getClasspathEntries(Bundle=jakarta.annotation-api_1.3.5 [29])
2026-05-17 18:11:58,855 [Worker-323: Launching mavenrun-fd0ea494-d778-4e7a-81fa-3ba045a3b148] INFO  o.eclipse.m2e.core.internal.Bundles - 	Entry: C:\Users\admin\.p2\pool\plugins\jakarta.annotation-api_1.3.5.jar
2026-05-17 18:11:58,855 [Worker-323: Launching mavenrun-fd0ea494-d778-4e7a-81fa-3ba045a3b148] INFO  o.eclipse.m2e.core.internal.Bundles - getClasspathEntries(Bundle=org.apache.commons.cli_1.9.0 [78])
2026-05-17 18:11:58,856 [Worker-323: Launching mavenrun-fd0ea494-d778-4e7a-81fa-3ba045a3b148] INFO  o.eclipse.m2e.core.internal.Bundles - 	Entry: C:\Users\admin\.p2\pool\plugins\org.apache.commons.cli_1.9.0.jar
2026-05-17 18:11:58,857 [Worker-323: Launching mavenrun-fd0ea494-d778-4e7a-81fa-3ba045a3b148] INFO  o.eclipse.m2e.core.internal.Bundles - getClasspathEntries(Bundle=org.apache.commons.commons-codec_1.16.0 [81])
2026-05-17 18:11:58,857 [Worker-323: Launching mavenrun-fd0ea494-d778-4e7a-81fa-3ba045a3b148] INFO  o.eclipse.m2e.core.internal.Bundles - 	Entry: C:\Users\admin\.p2\pool\plugins\org.apache.commons.commons-codec_1.16.0.jar
2026-05-17 18:11:58,857 [Worker-323: Launching mavenrun-fd0ea494-d778-4e7a-81fa-3ba045a3b148] INFO  o.eclipse.m2e.core.internal.Bundles - getClasspathEntries(Bundle=com.google.guava.failureaccess_1.0.2 [17])
2026-05-17 18:11:58,858 [Worker-323: Launching mavenrun-fd0ea494-d778-4e7a-81fa-3ba045a3b148] INFO  o.eclipse.m2e.core.internal.Bundles - 	Entry: C:\Users\admin\.p2\pool\plugins\com.google.guava.failureaccess_1.0.2.jar
2026-05-17 18:11:58,864 [Worker-323: Launching mavenrun-fd0ea494-d778-4e7a-81fa-3ba045a3b148] INFO  o.e.m.i.launch.MavenLaunchDelegate - Run build in "C:\Users\admin\AppData\Local\Temp\m2e-archetypeGenerator2063423183471198670":
2026-05-17 18:11:58,866 [Worker-323: Launching mavenrun-fd0ea494-d778-4e7a-81fa-3ba045a3b148] INFO  o.e.m.i.launch.MavenLaunchDelegate -  mvn  -DarchetypeGroupId=org.apache.maven.archetypes -DarchetypeArtifactId=maven-archetype-quickstart -DarchetypeVersion=1.1 -DgroupId=com.demo -DartifactId=maven-demo -Dversion=0.0.1-SNAPSHOT -Dpackage=com.demo.maven_demo -DoutputDirectory=C:\JBLD94 -Dstyle.color=always -U archetype:generate
2026-05-17 18:26:32,934 [Worker-1: Loading available Gradle versions] INFO  o.e.b.c.i.u.g.PublishedGradleVersions - Gradle version information cache is out-of-date. Trying to update.
2026-05-17 18:27:22,370 [Worker-21: Creating project "maven-demo"] INFO  o.e.m.c.i.l.LifecycleMappingFactory - Using org.eclipse.m2e.jdt.JarLifecycleMapping lifecycle mapping for MavenProject: com.demo:maven-demo:0.0.1-SNAPSHOT @ C:\JBLD94\maven-demo\pom.xml.
2026-05-17 18:27:23,199 [Worker-21: Creating project "maven-demo"] INFO  o.e.m.j.i.AbstractJavaProjectConfigurator - Adding source folder /maven-demo/src/main/java
2026-05-17 18:27:23,205 [Worker-21: Creating project "maven-demo"] INFO  o.e.m.j.i.AbstractJavaProjectConfigurator - Adding resource folder /maven-demo/src/main/resources
2026-05-17 18:27:23,205 [Worker-21: Creating project "maven-demo"] INFO  o.e.m.j.i.AbstractJavaProjectConfigurator - Adding source folder /maven-demo/src/test/java
2026-05-17 18:27:23,207 [Worker-21: Creating project "maven-demo"] INFO  o.e.m.j.i.AbstractJavaProjectConfigurator - Adding resource folder /maven-demo/src/test/resources
2026-05-17 18:27:24,035 [Worker-6: Building] WARN  o.a.m.s.f.DefaultMavenResourcesFiltering - Using platform encoding (UTF-8 actually) to copy filtered resources, i.e. build is platform dependent!
2026-05-17 18:27:24,044 [Worker-6: Building] INFO  o.a.m.s.f.DefaultMavenResourcesFiltering - Copying 0 resource from src\main\resources to target\classes
2026-05-17 18:27:24,052 [Worker-6: Building] WARN  o.a.m.s.f.DefaultMavenResourcesFiltering - Using platform encoding (UTF-8 actually) to copy filtered resources, i.e. build is platform dependent!
2026-05-17 18:27:24,053 [Worker-6: Building] INFO  o.a.m.s.f.DefaultMavenResourcesFiltering - Copying 0 resource from src\test\resources to target\test-classes
2026-05-17 18:30:00,984 [Worker-5: Building] INFO  o.e.m.c.i.l.LifecycleMappingFactory - Using org.eclipse.m2e.jdt.JarLifecycleMapping lifecycle mapping for MavenProject: com.demo:maven-demo:0.0.1-SNAPSHOT @ C:\JBLD94\maven-demo\pom.xml.
2026-05-17 18:30:01,200 [Worker-5: Building] WARN  o.a.m.s.f.DefaultMavenResourcesFiltering - Using platform encoding (UTF-8 actually) to copy filtered resources, i.e. build is platform dependent!
2026-05-17 18:30:01,204 [Worker-5: Building] INFO  o.a.m.s.f.DefaultMavenResourcesFiltering - Copying 0 resource from src\main\resources to target\classes
2026-05-17 18:30:01,208 [Worker-5: Building] WARN  o.a.m.s.f.DefaultMavenResourcesFiltering - Using platform encoding (UTF-8 actually) to copy filtered resources, i.e. build is platform dependent!
2026-05-17 18:30:01,209 [Worker-5: Building] INFO  o.a.m.s.f.DefaultMavenResourcesFiltering - Copying 0 resource from src\test\resources to target\test-classes
2026-05-17 18:30:02,725 [Worker-18: Building] WARN  o.a.m.s.f.DefaultMavenResourcesFiltering - Using platform encoding (UTF-8 actually) to copy filtered resources, i.e. build is platform dependent!
2026-05-17 18:30:02,727 [Worker-18: Building] INFO  o.a.m.s.f.DefaultMavenResourcesFiltering - Copying 0 resource from src\main\resources to target\classes
2026-05-17 18:30:02,730 [Worker-18: Building] WARN  o.a.m.s.f.DefaultMavenResourcesFiltering - Using platform encoding (UTF-8 actually) to copy filtered resources, i.e. build is platform dependent!
2026-05-17 18:30:02,731 [Worker-18: Building] INFO  o.a.m.s.f.DefaultMavenResourcesFiltering - Copying 0 resource from src\test\resources to target\test-classes
2026-05-17 18:36:52,563 [Worker-9: Building] WARN  o.a.m.s.f.DefaultMavenResourcesFiltering - Using platform encoding (UTF-8 actually) to copy filtered resources, i.e. build is platform dependent!
2026-05-17 18:36:52,568 [Worker-9: Building] INFO  o.a.m.s.f.DefaultMavenResourcesFiltering - Copying 0 resource from src\main\resources to target\classes
2026-05-17 18:36:52,573 [Worker-9: Building] WARN  o.a.m.s.f.DefaultMavenResourcesFiltering - Using platform encoding (UTF-8 actually) to copy filtered resources, i.e. build is platform dependent!
2026-05-17 18:36:52,579 [Worker-9: Building] INFO  o.a.m.s.f.DefaultMavenResourcesFiltering - Copying 0 resource from src\test\resources to target\test-classes
2026-05-17 18:37:12,675 [Worker-22: Building] WARN  o.a.m.s.f.DefaultMavenResourcesFiltering - Using platform encoding (UTF-8 actually) to copy filtered resources, i.e. build is platform dependent!
2026-05-17 18:37:12,676 [Worker-22: Building] INFO  o.a.m.s.f.DefaultMavenResourcesFiltering - Copying 0 resource from src\main\resources to target\classes
2026-05-17 18:37:12,678 [Worker-22: Building] WARN  o.a.m.s.f.DefaultMavenResourcesFiltering - Using platform encoding (UTF-8 actually) to copy filtered resources, i.e. build is platform dependent!
2026-05-17 18:37:12,680 [Worker-22: Building] INFO  o.a.m.s.f.DefaultMavenResourcesFiltering - Copying 0 resource from src\test\resources to target\test-classes
2026-05-17 18:37:22,558 [Worker-9: Building] WARN  o.a.m.s.f.DefaultMavenResourcesFiltering - Using platform encoding (UTF-8 actually) to copy filtered resources, i.e. build is platform dependent!
2026-05-17 18:37:22,560 [Worker-9: Building] INFO  o.a.m.s.f.DefaultMavenResourcesFiltering - Copying 0 resource from src\main\resources to target\classes
2026-05-17 18:37:22,562 [Worker-9: Building] WARN  o.a.m.s.f.DefaultMavenResourcesFiltering - Using platform encoding (UTF-8 actually) to copy filtered resources, i.e. build is platform dependent!
2026-05-17 18:37:22,563 [Worker-9: Building] INFO  o.a.m.s.f.DefaultMavenResourcesFiltering - Copying 0 resource from src\test\resources to target\test-classes
2026-05-17 18:38:16,162 [Worker-8: Building] WARN  o.a.m.s.f.DefaultMavenResourcesFiltering - Using platform encoding (UTF-8 actually) to copy filtered resources, i.e. build is platform dependent!
2026-05-17 18:38:16,163 [Worker-8: Building] INFO  o.a.m.s.f.DefaultMavenResourcesFiltering - Copying 0 resource from src\main\resources to target\classes
2026-05-17 18:38:16,166 [Worker-8: Building] WARN  o.a.m.s.f.DefaultMavenResourcesFiltering - Using platform encoding (UTF-8 actually) to copy filtered resources, i.e. build is platform dependent!
2026-05-17 18:38:16,167 [Worker-8: Building] INFO  o.a.m.s.f.DefaultMavenResourcesFiltering - Copying 0 resource from src\test\resources to target\test-classes
2026-05-17 18:38:17,719 [Worker-8: Building] WARN  o.a.m.s.f.DefaultMavenResourcesFiltering - Using platform encoding (UTF-8 actually) to copy filtered resources, i.e. build is platform dependent!
2026-05-17 18:38:17,721 [Worker-8: Building] INFO  o.a.m.s.f.DefaultMavenResourcesFiltering - Copying 0 resource from src\main\resources to target\classes
2026-05-17 18:38:17,723 [Worker-8: Building] WARN  o.a.m.s.f.DefaultMavenResourcesFiltering - Using platform encoding (UTF-8 actually) to copy filtered resources, i.e. build is platform dependent!
2026-05-17 18:38:17,724 [Worker-8: Building] INFO  o.a.m.s.f.DefaultMavenResourcesFiltering - Copying 0 resource from src\test\resources to target\test-classes
2026-05-17 18:39:30,705 [main] INFO  o.e.m2e.actions.ExecutePomAction - Creating new launch configuration
2026-05-17 18:41:08,189 [Worker-23: Launching maven-demo] INFO  o.eclipse.m2e.core.internal.Bundles - getClasspathEntries(Bundle=org.eclipse.m2e.maven.runtime_3.9.900.20240824-1409 [642])
2026-05-17 18:41:08,191 [Worker-23: Launching maven-demo] INFO  o.eclipse.m2e.core.internal.Bundles - 	Entry: C:\Users\admin\.p2\pool\plugins\org.eclipse.m2e.maven.runtime_3.9.900.20240824-1409
2026-05-17 18:41:08,193 [Worker-23: Launching maven-demo] INFO  o.eclipse.m2e.core.internal.Bundles - 	Entry: C:\Users\admin\.p2\pool\plugins\org.eclipse.m2e.maven.runtime_3.9.900.20240824-1409\jars\aopalliance-1.0.jar
2026-05-17 18:41:08,193 [Worker-23: Launching maven-demo] INFO  o.eclipse.m2e.core.internal.Bundles - 	Entry: C:\Users\admin\.p2\pool\plugins\org.eclipse.m2e.maven.runtime_3.9.900.20240824-1409\jars\guice-5.1.0.jar
2026-05-17 18:41:08,193 [Worker-23: Launching maven-demo] INFO  o.eclipse.m2e.core.internal.Bundles - 	Entry: C:\Users\admin\.p2\pool\plugins\org.eclipse.m2e.maven.runtime_3.9.900.20240824-1409\jars\httpclient-4.5.14.jar
2026-05-17 18:41:08,193 [Worker-23: Launching maven-demo] INFO  o.eclipse.m2e.core.internal.Bundles - 	Entry: C:\Users\admin\.p2\pool\plugins\org.eclipse.m2e.maven.runtime_3.9.900.20240824-1409\jars\httpcore-4.4.16.jar
2026-05-17 18:41:08,194 [Worker-23: Launching maven-demo] INFO  o.eclipse.m2e.core.internal.Bundles - 	Entry: C:\Users\admin\.p2\pool\plugins\org.eclipse.m2e.maven.runtime_3.9.900.20240824-1409\jars\jansi-2.4.1.jar
2026-05-17 18:41:08,194 [Worker-23: Launching maven-demo] INFO  o.eclipse.m2e.core.internal.Bundles - 	Entry: C:\Users\admin\.p2\pool\plugins\org.eclipse.m2e.maven.runtime_3.9.900.20240824-1409\jars\jcl-over-slf4j-1.7.36.jar
2026-05-17 18:41:08,194 [Worker-23: Launching maven-demo] INFO  o.eclipse.m2e.core.internal.Bundles - 	Entry: C:\Users\admin\.p2\pool\plugins\org.eclipse.m2e.maven.runtime_3.9.900.20240824-1409\jars\maven-artifact-3.9.9.jar
2026-05-17 18:41:08,194 [Worker-23: Launching maven-demo] INFO  o.eclipse.m2e.core.internal.Bundles - 	Entry: C:\Users\admin\.p2\pool\plugins\org.eclipse.m2e.maven.runtime_3.9.900.20240824-1409\jars\maven-builder-support-3.9.9.jar
2026-05-17 18:41:08,194 [Worker-23: Launching maven-demo] INFO  o.eclipse.m2e.core.internal.Bundles - 	Entry: C:\Users\admin\.p2\pool\plugins\org.eclipse.m2e.maven.runtime_3.9.900.20240824-1409\jars\maven-compat-3.9.9.jar
2026-05-17 18:41:08,194 [Worker-23: Launching maven-demo] INFO  o.eclipse.m2e.core.internal.Bundles - 	Entry: C:\Users\admin\.p2\pool\plugins\org.eclipse.m2e.maven.runtime_3.9.900.20240824-1409\jars\maven-core-3.9.9.jar
2026-05-17 18:41:08,194 [Worker-23: Launching maven-demo] INFO  o.eclipse.m2e.core.internal.Bundles - 	Entry: C:\Users\admin\.p2\pool\plugins\org.eclipse.m2e.maven.runtime_3.9.900.20240824-1409\jars\maven-embedder-3.9.9.jar
2026-05-17 18:41:08,194 [Worker-23: Launching maven-demo] INFO  o.eclipse.m2e.core.internal.Bundles - 	Entry: C:\Users\admin\.p2\pool\plugins\org.eclipse.m2e.maven.runtime_3.9.900.20240824-1409\jars\maven-model-3.9.9.jar
2026-05-17 18:41:08,195 [Worker-23: Launching maven-demo] INFO  o.eclipse.m2e.core.internal.Bundles - 	Entry: C:\Users\admin\.p2\pool\plugins\org.eclipse.m2e.maven.runtime_3.9.900.20240824-1409\jars\maven-model-builder-3.9.9.jar
2026-05-17 18:41:08,195 [Worker-23: Launching maven-demo] INFO  o.eclipse.m2e.core.internal.Bundles - 	Entry: C:\Users\admin\.p2\pool\plugins\org.eclipse.m2e.maven.runtime_3.9.900.20240824-1409\jars\maven-plugin-api-3.9.9.jar
2026-05-17 18:41:08,195 [Worker-23: Launching maven-demo] INFO  o.eclipse.m2e.core.internal.Bundles - 	Entry: C:\Users\admin\.p2\pool\plugins\org.eclipse.m2e.maven.runtime_3.9.900.20240824-1409\jars\maven-repository-metadata-3.9.9.jar
2026-05-17 18:41:08,195 [Worker-23: Launching maven-demo] INFO  o.eclipse.m2e.core.internal.Bundles - 	Entry: C:\Users\admin\.p2\pool\plugins\org.eclipse.m2e.maven.runtime_3.9.900.20240824-1409\jars\maven-resolver-api-1.9.22.jar
2026-05-17 18:41:08,195 [Worker-23: Launching maven-demo] INFO  o.eclipse.m2e.core.internal.Bundles - 	Entry: C:\Users\admin\.p2\pool\plugins\org.eclipse.m2e.maven.runtime_3.9.900.20240824-1409\jars\maven-resolver-connector-basic-1.9.22.jar
2026-05-17 18:41:08,195 [Worker-23: Launching maven-demo] INFO  o.eclipse.m2e.core.internal.Bundles - 	Entry: C:\Users\admin\.p2\pool\plugins\org.eclipse.m2e.maven.runtime_3.9.900.20240824-1409\jars\maven-resolver-impl-1.9.22.jar
2026-05-17 18:41:08,195 [Worker-23: Launching maven-demo] INFO  o.eclipse.m2e.core.internal.Bundles - 	Entry: C:\Users\admin\.p2\pool\plugins\org.eclipse.m2e.maven.runtime_3.9.900.20240824-1409\jars\maven-resolver-named-locks-1.9.22.jar
2026-05-17 18:41:08,196 [Worker-23: Launching maven-demo] INFO  o.eclipse.m2e.core.internal.Bundles - 	Entry: C:\Users\admin\.p2\pool\plugins\org.eclipse.m2e.maven.runtime_3.9.900.20240824-1409\jars\maven-resolver-provider-3.9.9.jar
2026-05-17 18:41:08,196 [Worker-23: Launching maven-demo] INFO  o.eclipse.m2e.core.internal.Bundles - 	Entry: C:\Users\admin\.p2\pool\plugins\org.eclipse.m2e.maven.runtime_3.9.900.20240824-1409\jars\maven-resolver-spi-1.9.22.jar
2026-05-17 18:41:08,196 [Worker-23: Launching maven-demo] INFO  o.eclipse.m2e.core.internal.Bundles - 	Entry: C:\Users\admin\.p2\pool\plugins\org.eclipse.m2e.maven.runtime_3.9.900.20240824-1409\jars\maven-resolver-transport-file-1.9.22.jar
2026-05-17 18:41:08,196 [Worker-23: Launching maven-demo] INFO  o.eclipse.m2e.core.internal.Bundles - 	Entry: C:\Users\admin\.p2\pool\plugins\org.eclipse.m2e.maven.runtime_3.9.900.20240824-1409\jars\maven-resolver-transport-http-1.9.22.jar
2026-05-17 18:41:08,197 [Worker-23: Launching maven-demo] INFO  o.eclipse.m2e.core.internal.Bundles - 	Entry: C:\Users\admin\.p2\pool\plugins\org.eclipse.m2e.maven.runtime_3.9.900.20240824-1409\jars\maven-resolver-transport-wagon-1.9.22.jar
2026-05-17 18:41:08,197 [Worker-23: Launching maven-demo] INFO  o.eclipse.m2e.core.internal.Bundles - 	Entry: C:\Users\admin\.p2\pool\plugins\org.eclipse.m2e.maven.runtime_3.9.900.20240824-1409\jars\maven-resolver-util-1.9.22.jar
2026-05-17 18:41:08,197 [Worker-23: Launching maven-demo] INFO  o.eclipse.m2e.core.internal.Bundles - 	Entry: C:\Users\admin\.p2\pool\plugins\org.eclipse.m2e.maven.runtime_3.9.900.20240824-1409\jars\maven-settings-3.9.9.jar
2026-05-17 18:41:08,198 [Worker-23: Launching maven-demo] INFO  o.eclipse.m2e.core.internal.Bundles - 	Entry: C:\Users\admin\.p2\pool\plugins\org.eclipse.m2e.maven.runtime_3.9.900.20240824-1409\jars\maven-settings-builder-3.9.9.jar
2026-05-17 18:41:08,198 [Worker-23: Launching maven-demo] INFO  o.eclipse.m2e.core.internal.Bundles - 	Entry: C:\Users\admin\.p2\pool\plugins\org.eclipse.m2e.maven.runtime_3.9.900.20240824-1409\jars\maven-shared-utils-3.4.2.jar
2026-05-17 18:41:08,198 [Worker-23: Launching maven-demo] INFO  o.eclipse.m2e.core.internal.Bundles - 	Entry: C:\Users\admin\.p2\pool\plugins\org.eclipse.m2e.maven.runtime_3.9.900.20240824-1409\jars\org.eclipse.sisu.inject-0.9.0.M3.jar
2026-05-17 18:41:08,199 [Worker-23: Launching maven-demo] INFO  o.eclipse.m2e.core.internal.Bundles - 	Entry: C:\Users\admin\.p2\pool\plugins\org.eclipse.m2e.maven.runtime_3.9.900.20240824-1409\jars\org.eclipse.sisu.plexus-0.9.0.M3.jar
2026-05-17 18:41:08,199 [Worker-23: Launching maven-demo] INFO  o.eclipse.m2e.core.internal.Bundles - 	Entry: C:\Users\admin\.p2\pool\plugins\org.eclipse.m2e.maven.runtime_3.9.900.20240824-1409\jars\plexus-build-api-0.0.7.jar
2026-05-17 18:41:08,199 [Worker-23: Launching maven-demo] INFO  o.eclipse.m2e.core.internal.Bundles - 	Entry: C:\Users\admin\.p2\pool\plugins\org.eclipse.m2e.maven.runtime_3.9.900.20240824-1409\jars\plexus-build-api-1.2.0.jar
2026-05-17 18:41:08,199 [Worker-23: Launching maven-demo] INFO  o.eclipse.m2e.core.internal.Bundles - 	Entry: C:\Users\admin\.p2\pool\plugins\org.eclipse.m2e.maven.runtime_3.9.900.20240824-1409\jars\plexus-cipher-2.0.jar
2026-05-17 18:41:08,199 [Worker-23: Launching maven-demo] INFO  o.eclipse.m2e.core.internal.Bundles - 	Entry: C:\Users\admin\.p2\pool\plugins\org.eclipse.m2e.maven.runtime_3.9.900.20240824-1409\jars\plexus-classworlds-2.8.0.jar
2026-05-17 18:41:08,200 [Worker-23: Launching maven-demo] INFO  o.eclipse.m2e.core.internal.Bundles - 	Entry: C:\Users\admin\.p2\pool\plugins\org.eclipse.m2e.maven.runtime_3.9.900.20240824-1409\jars\plexus-component-annotations-2.1.0.jar
2026-05-17 18:41:08,200 [Worker-23: Launching maven-demo] INFO  o.eclipse.m2e.core.internal.Bundles - 	Entry: C:\Users\admin\.p2\pool\plugins\org.eclipse.m2e.maven.runtime_3.9.900.20240824-1409\jars\plexus-interpolation-1.27.jar
2026-05-17 18:41:08,200 [Worker-23: Launching maven-demo] INFO  o.eclipse.m2e.core.internal.Bundles - 	Entry: C:\Users\admin\.p2\pool\plugins\org.eclipse.m2e.maven.runtime_3.9.900.20240824-1409\jars\plexus-sec-dispatcher-2.0.jar
2026-05-17 18:41:08,201 [Worker-23: Launching maven-demo] INFO  o.eclipse.m2e.core.internal.Bundles - 	Entry: C:\Users\admin\.p2\pool\plugins\org.eclipse.m2e.maven.runtime_3.9.900.20240824-1409\jars\plexus-utils-3.5.1.jar
2026-05-17 18:41:08,201 [Worker-23: Launching maven-demo] INFO  o.eclipse.m2e.core.internal.Bundles - 	Entry: C:\Users\admin\.p2\pool\plugins\org.eclipse.m2e.maven.runtime_3.9.900.20240824-1409\jars\plexus-xml-3.0.1.jar
2026-05-17 18:41:08,201 [Worker-23: Launching maven-demo] INFO  o.eclipse.m2e.core.internal.Bundles - 	Entry: C:\Users\admin\.p2\pool\plugins\org.eclipse.m2e.maven.runtime_3.9.900.20240824-1409\jars\wagon-file-3.5.3.jar
2026-05-17 18:41:08,201 [Worker-23: Launching maven-demo] INFO  o.eclipse.m2e.core.internal.Bundles - 	Entry: C:\Users\admin\.p2\pool\plugins\org.eclipse.m2e.maven.runtime_3.9.900.20240824-1409\jars\wagon-http-3.5.3.jar
2026-05-17 18:41:08,201 [Worker-23: Launching maven-demo] INFO  o.eclipse.m2e.core.internal.Bundles - 	Entry: C:\Users\admin\.p2\pool\plugins\org.eclipse.m2e.maven.runtime_3.9.900.20240824-1409\jars\wagon-http-shared-3.5.3.jar
2026-05-17 18:41:08,201 [Worker-23: Launching maven-demo] INFO  o.eclipse.m2e.core.internal.Bundles - 	Entry: C:\Users\admin\.p2\pool\plugins\org.eclipse.m2e.maven.runtime_3.9.900.20240824-1409\jars\wagon-provider-api-3.5.3.jar
2026-05-17 18:41:08,202 [Worker-23: Launching maven-demo] INFO  o.eclipse.m2e.core.internal.Bundles - getClasspathEntries(Bundle=com.google.guava_33.3.0.jre [16])
2026-05-17 18:41:08,202 [Worker-23: Launching maven-demo] INFO  o.eclipse.m2e.core.internal.Bundles - 	Entry: C:\Users\admin\.p2\pool\plugins\com.google.guava_33.3.0.jre.jar
2026-05-17 18:41:08,202 [Worker-23: Launching maven-demo] INFO  o.eclipse.m2e.core.internal.Bundles - getClasspathEntries(Bundle=slf4j.api_2.0.16 [1007])
2026-05-17 18:41:08,202 [Worker-23: Launching maven-demo] INFO  o.eclipse.m2e.core.internal.Bundles - 	Entry: C:\Users\admin\.p2\pool\plugins\slf4j.api_2.0.16.jar
2026-05-17 18:41:08,203 [Worker-23: Launching maven-demo] INFO  o.eclipse.m2e.core.internal.Bundles - getClasspathEntries(Bundle=jakarta.inject.jakarta.inject-api_1.0.5 [34])
2026-05-17 18:41:08,203 [Worker-23: Launching maven-demo] INFO  o.eclipse.m2e.core.internal.Bundles - 	Entry: C:\Users\admin\.p2\pool\plugins\jakarta.inject.jakarta.inject-api_1.0.5.jar
2026-05-17 18:41:08,203 [Worker-23: Launching maven-demo] INFO  o.eclipse.m2e.core.internal.Bundles - getClasspathEntries(Bundle=jakarta.annotation-api_1.3.5 [29])
2026-05-17 18:41:08,203 [Worker-23: Launching maven-demo] INFO  o.eclipse.m2e.core.internal.Bundles - 	Entry: C:\Users\admin\.p2\pool\plugins\jakarta.annotation-api_1.3.5.jar
2026-05-17 18:41:08,203 [Worker-23: Launching maven-demo] INFO  o.eclipse.m2e.core.internal.Bundles - getClasspathEntries(Bundle=org.apache.commons.cli_1.9.0 [78])
2026-05-17 18:41:08,204 [Worker-23: Launching maven-demo] INFO  o.eclipse.m2e.core.internal.Bundles - 	Entry: C:\Users\admin\.p2\pool\plugins\org.apache.commons.cli_1.9.0.jar
2026-05-17 18:41:08,204 [Worker-23: Launching maven-demo] INFO  o.eclipse.m2e.core.internal.Bundles - getClasspathEntries(Bundle=org.apache.commons.commons-codec_1.16.0 [81])
2026-05-17 18:41:08,204 [Worker-23: Launching maven-demo] INFO  o.eclipse.m2e.core.internal.Bundles - 	Entry: C:\Users\admin\.p2\pool\plugins\org.apache.commons.commons-codec_1.16.0.jar
2026-05-17 18:41:08,204 [Worker-23: Launching maven-demo] INFO  o.eclipse.m2e.core.internal.Bundles - getClasspathEntries(Bundle=com.google.guava.failureaccess_1.0.2 [17])
2026-05-17 18:41:08,205 [Worker-23: Launching maven-demo] INFO  o.eclipse.m2e.core.internal.Bundles - 	Entry: C:\Users\admin\.p2\pool\plugins\com.google.guava.failureaccess_1.0.2.jar
2026-05-17 18:41:08,208 [Worker-23: Launching maven-demo] INFO  o.e.m.i.launch.MavenLaunchDelegate - Run build in "C:\JBLD94\maven-demo":
2026-05-17 18:41:08,208 [Worker-23: Launching maven-demo] INFO  o.e.m.i.launch.MavenLaunchDelegate -  mvn  -B -Dstyle.color=always clean install
2026-05-17 18:45:43,845 [Worker-28: Building] INFO  o.e.m.c.i.l.LifecycleMappingFactory - Using org.eclipse.m2e.jdt.JarLifecycleMapping lifecycle mapping for MavenProject: com.demo:maven-demo:0.0.1-SNAPSHOT @ C:\JBLD94\maven-demo\pom.xml.
2026-05-17 18:45:43,993 [Worker-28: Building] WARN  o.a.m.s.f.DefaultMavenResourcesFiltering - Using platform encoding (UTF-8 actually) to copy filtered resources, i.e. build is platform dependent!
2026-05-17 18:45:43,995 [Worker-28: Building] INFO  o.a.m.s.f.DefaultMavenResourcesFiltering - Copying 0 resource from src\main\resources to target\classes
2026-05-17 18:45:43,999 [Worker-28: Building] WARN  o.a.m.s.f.DefaultMavenResourcesFiltering - Using platform encoding (UTF-8 actually) to copy filtered resources, i.e. build is platform dependent!
2026-05-17 18:45:44,000 [Worker-28: Building] INFO  o.a.m.s.f.DefaultMavenResourcesFiltering - Copying 0 resource from src\test\resources to target\test-classes
2026-05-17 18:45:44,399 [Worker-27: Updating Maven Project] INFO  o.e.m.c.i.p.ProjectConfigurationManager - Update started
2026-05-17 18:45:44,628 [Worker-27: Updating Maven Project] INFO  o.e.m.c.i.l.LifecycleMappingFactory - Using org.eclipse.m2e.jdt.JarLifecycleMapping lifecycle mapping for MavenProject: com.demo:maven-demo:0.0.1-SNAPSHOT @ C:\JBLD94\maven-demo\pom.xml.
2026-05-17 18:45:45,044 [Worker-27: Updating Maven Project] INFO  o.e.m.j.i.AbstractJavaProjectConfigurator - Adding source folder /maven-demo/src/main/java
2026-05-17 18:45:45,045 [Worker-27: Updating Maven Project] INFO  o.e.m.j.i.AbstractJavaProjectConfigurator - Adding resource folder /maven-demo/src/main/resources
2026-05-17 18:45:45,045 [Worker-27: Updating Maven Project] INFO  o.e.m.j.i.AbstractJavaProjectConfigurator - Adding source folder /maven-demo/src/test/java
2026-05-17 18:45:45,047 [Worker-27: Updating Maven Project] INFO  o.e.m.j.i.AbstractJavaProjectConfigurator - Adding resource folder /maven-demo/src/test/resources
2026-05-17 18:45:45,093 [Worker-27: Updating Maven Project] INFO  o.e.m.c.i.p.ProjectConfigurationManager - Update completed for 1 poms: local refresh takes 0.00 sec, refresh facades takes 0.00 sec, update config takes 0.00 sec 
2026-05-17 18:45:45,444 [Worker-26: Building] WARN  o.a.m.s.f.DefaultMavenResourcesFiltering - Using platform encoding (UTF-8 actually) to copy filtered resources, i.e. build is platform dependent!
2026-05-17 18:45:45,446 [Worker-26: Building] INFO  o.a.m.s.f.DefaultMavenResourcesFiltering - Copying 0 resource from src\main\resources to target\classes
2026-05-17 18:45:45,450 [Worker-26: Building] WARN  o.a.m.s.f.DefaultMavenResourcesFiltering - Using platform encoding (UTF-8 actually) to copy filtered resources, i.e. build is platform dependent!
2026-05-17 18:45:45,451 [Worker-26: Building] INFO  o.a.m.s.f.DefaultMavenResourcesFiltering - Copying 0 resource from src\test\resources to target\test-classes
2026-05-17 18:45:53,329 [main] INFO  o.e.m2e.actions.ExecutePomAction - Creating new launch configuration
2026-05-17 18:45:59,184 [Worker-28: Launching maven-demo (1)] INFO  o.eclipse.m2e.core.internal.Bundles - getClasspathEntries(Bundle=org.eclipse.m2e.maven.runtime_3.9.900.20240824-1409 [642])
2026-05-17 18:45:59,186 [Worker-28: Launching maven-demo (1)] INFO  o.eclipse.m2e.core.internal.Bundles - 	Entry: C:\Users\admin\.p2\pool\plugins\org.eclipse.m2e.maven.runtime_3.9.900.20240824-1409
2026-05-17 18:45:59,187 [Worker-28: Launching maven-demo (1)] INFO  o.eclipse.m2e.core.internal.Bundles - 	Entry: C:\Users\admin\.p2\pool\plugins\org.eclipse.m2e.maven.runtime_3.9.900.20240824-1409\jars\aopalliance-1.0.jar
2026-05-17 18:45:59,187 [Worker-28: Launching maven-demo (1)] INFO  o.eclipse.m2e.core.internal.Bundles - 	Entry: C:\Users\admin\.p2\pool\plugins\org.eclipse.m2e.maven.runtime_3.9.900.20240824-1409\jars\guice-5.1.0.jar
2026-05-17 18:45:59,188 [Worker-28: Launching maven-demo (1)] INFO  o.eclipse.m2e.core.internal.Bundles - 	Entry: C:\Users\admin\.p2\pool\plugins\org.eclipse.m2e.maven.runtime_3.9.900.20240824-1409\jars\httpclient-4.5.14.jar
2026-05-17 18:45:59,189 [Worker-28: Launching maven-demo (1)] INFO  o.eclipse.m2e.core.internal.Bundles - 	Entry: C:\Users\admin\.p2\pool\plugins\org.eclipse.m2e.maven.runtime_3.9.900.20240824-1409\jars\httpcore-4.4.16.jar
2026-05-17 18:45:59,189 [Worker-28: Launching maven-demo (1)] INFO  o.eclipse.m2e.core.internal.Bundles - 	Entry: C:\Users\admin\.p2\pool\plugins\org.eclipse.m2e.maven.runtime_3.9.900.20240824-1409\jars\jansi-2.4.1.jar
2026-05-17 18:45:59,189 [Worker-28: Launching maven-demo (1)] INFO  o.eclipse.m2e.core.internal.Bundles - 	Entry: C:\Users\admin\.p2\pool\plugins\org.eclipse.m2e.maven.runtime_3.9.900.20240824-1409\jars\jcl-over-slf4j-1.7.36.jar
2026-05-17 18:45:59,189 [Worker-28: Launching maven-demo (1)] INFO  o.eclipse.m2e.core.internal.Bundles - 	Entry: C:\Users\admin\.p2\pool\plugins\org.eclipse.m2e.maven.runtime_3.9.900.20240824-1409\jars\maven-artifact-3.9.9.jar
2026-05-17 18:45:59,190 [Worker-28: Launching maven-demo (1)] INFO  o.eclipse.m2e.core.internal.Bundles - 	Entry: C:\Users\admin\.p2\pool\plugins\org.eclipse.m2e.maven.runtime_3.9.900.20240824-1409\jars\maven-builder-support-3.9.9.jar
2026-05-17 18:45:59,190 [Worker-28: Launching maven-demo (1)] INFO  o.eclipse.m2e.core.internal.Bundles - 	Entry: C:\Users\admin\.p2\pool\plugins\org.eclipse.m2e.maven.runtime_3.9.900.20240824-1409\jars\maven-compat-3.9.9.jar
2026-05-17 18:45:59,190 [Worker-28: Launching maven-demo (1)] INFO  o.eclipse.m2e.core.internal.Bundles - 	Entry: C:\Users\admin\.p2\pool\plugins\org.eclipse.m2e.maven.runtime_3.9.900.20240824-1409\jars\maven-core-3.9.9.jar
2026-05-17 18:45:59,190 [Worker-28: Launching maven-demo (1)] INFO  o.eclipse.m2e.core.internal.Bundles - 	Entry: C:\Users\admin\.p2\pool\plugins\org.eclipse.m2e.maven.runtime_3.9.900.20240824-1409\jars\maven-embedder-3.9.9.jar
2026-05-17 18:45:59,190 [Worker-28: Launching maven-demo (1)] INFO  o.eclipse.m2e.core.internal.Bundles - 	Entry: C:\Users\admin\.p2\pool\plugins\org.eclipse.m2e.maven.runtime_3.9.900.20240824-1409\jars\maven-model-3.9.9.jar
2026-05-17 18:45:59,190 [Worker-28: Launching maven-demo (1)] INFO  o.eclipse.m2e.core.internal.Bundles - 	Entry: C:\Users\admin\.p2\pool\plugins\org.eclipse.m2e.maven.runtime_3.9.900.20240824-1409\jars\maven-model-builder-3.9.9.jar
2026-05-17 18:45:59,190 [Worker-28: Launching maven-demo (1)] INFO  o.eclipse.m2e.core.internal.Bundles - 	Entry: C:\Users\admin\.p2\pool\plugins\org.eclipse.m2e.maven.runtime_3.9.900.20240824-1409\jars\maven-plugin-api-3.9.9.jar
2026-05-17 18:45:59,191 [Worker-28: Launching maven-demo (1)] INFO  o.eclipse.m2e.core.internal.Bundles - 	Entry: C:\Users\admin\.p2\pool\plugins\org.eclipse.m2e.maven.runtime_3.9.900.20240824-1409\jars\maven-repository-metadata-3.9.9.jar
2026-05-17 18:45:59,191 [Worker-28: Launching maven-demo (1)] INFO  o.eclipse.m2e.core.internal.Bundles - 	Entry: C:\Users\admin\.p2\pool\plugins\org.eclipse.m2e.maven.runtime_3.9.900.20240824-1409\jars\maven-resolver-api-1.9.22.jar
2026-05-17 18:45:59,192 [Worker-28: Launching maven-demo (1)] INFO  o.eclipse.m2e.core.internal.Bundles - 	Entry: C:\Users\admin\.p2\pool\plugins\org.eclipse.m2e.maven.runtime_3.9.900.20240824-1409\jars\maven-resolver-connector-basic-1.9.22.jar
2026-05-17 18:45:59,192 [Worker-28: Launching maven-demo (1)] INFO  o.eclipse.m2e.core.internal.Bundles - 	Entry: C:\Users\admin\.p2\pool\plugins\org.eclipse.m2e.maven.runtime_3.9.900.20240824-1409\jars\maven-resolver-impl-1.9.22.jar
2026-05-17 18:45:59,192 [Worker-28: Launching maven-demo (1)] INFO  o.eclipse.m2e.core.internal.Bundles - 	Entry: C:\Users\admin\.p2\pool\plugins\org.eclipse.m2e.maven.runtime_3.9.900.20240824-1409\jars\maven-resolver-named-locks-1.9.22.jar
2026-05-17 18:45:59,192 [Worker-28: Launching maven-demo (1)] INFO  o.eclipse.m2e.core.internal.Bundles - 	Entry: C:\Users\admin\.p2\pool\plugins\org.eclipse.m2e.maven.runtime_3.9.900.20240824-1409\jars\maven-resolver-provider-3.9.9.jar
2026-05-17 18:45:59,192 [Worker-28: Launching maven-demo (1)] INFO  o.eclipse.m2e.core.internal.Bundles - 	Entry: C:\Users\admin\.p2\pool\plugins\org.eclipse.m2e.maven.runtime_3.9.900.20240824-1409\jars\maven-resolver-spi-1.9.22.jar
2026-05-17 18:45:59,192 [Worker-28: Launching maven-demo (1)] INFO  o.eclipse.m2e.core.internal.Bundles - 	Entry: C:\Users\admin\.p2\pool\plugins\org.eclipse.m2e.maven.runtime_3.9.900.20240824-1409\jars\maven-resolver-transport-file-1.9.22.jar
2026-05-17 18:45:59,192 [Worker-28: Launching maven-demo (1)] INFO  o.eclipse.m2e.core.internal.Bundles - 	Entry: C:\Users\admin\.p2\pool\plugins\org.eclipse.m2e.maven.runtime_3.9.900.20240824-1409\jars\maven-resolver-transport-http-1.9.22.jar
2026-05-17 18:45:59,192 [Worker-28: Launching maven-demo (1)] INFO  o.eclipse.m2e.core.internal.Bundles - 	Entry: C:\Users\admin\.p2\pool\plugins\org.eclipse.m2e.maven.runtime_3.9.900.20240824-1409\jars\maven-resolver-transport-wagon-1.9.22.jar
2026-05-17 18:45:59,193 [Worker-28: Launching maven-demo (1)] INFO  o.eclipse.m2e.core.internal.Bundles - 	Entry: C:\Users\admin\.p2\pool\plugins\org.eclipse.m2e.maven.runtime_3.9.900.20240824-1409\jars\maven-resolver-util-1.9.22.jar
2026-05-17 18:45:59,193 [Worker-28: Launching maven-demo (1)] INFO  o.eclipse.m2e.core.internal.Bundles - 	Entry: C:\Users\admin\.p2\pool\plugins\org.eclipse.m2e.maven.runtime_3.9.900.20240824-1409\jars\maven-settings-3.9.9.jar
2026-05-17 18:45:59,193 [Worker-28: Launching maven-demo (1)] INFO  o.eclipse.m2e.core.internal.Bundles - 	Entry: C:\Users\admin\.p2\pool\plugins\org.eclipse.m2e.maven.runtime_3.9.900.20240824-1409\jars\maven-settings-builder-3.9.9.jar
2026-05-17 18:45:59,193 [Worker-28: Launching maven-demo (1)] INFO  o.eclipse.m2e.core.internal.Bundles - 	Entry: C:\Users\admin\.p2\pool\plugins\org.eclipse.m2e.maven.runtime_3.9.900.20240824-1409\jars\maven-shared-utils-3.4.2.jar
2026-05-17 18:45:59,193 [Worker-28: Launching maven-demo (1)] INFO  o.eclipse.m2e.core.internal.Bundles - 	Entry: C:\Users\admin\.p2\pool\plugins\org.eclipse.m2e.maven.runtime_3.9.900.20240824-1409\jars\org.eclipse.sisu.inject-0.9.0.M3.jar
2026-05-17 18:45:59,193 [Worker-28: Launching maven-demo (1)] INFO  o.eclipse.m2e.core.internal.Bundles - 	Entry: C:\Users\admin\.p2\pool\plugins\org.eclipse.m2e.maven.runtime_3.9.900.20240824-1409\jars\org.eclipse.sisu.plexus-0.9.0.M3.jar
2026-05-17 18:45:59,193 [Worker-28: Launching maven-demo (1)] INFO  o.eclipse.m2e.core.internal.Bundles - 	Entry: C:\Users\admin\.p2\pool\plugins\org.eclipse.m2e.maven.runtime_3.9.900.20240824-1409\jars\plexus-build-api-0.0.7.jar
2026-05-17 18:45:59,194 [Worker-28: Launching maven-demo (1)] INFO  o.eclipse.m2e.core.internal.Bundles - 	Entry: C:\Users\admin\.p2\pool\plugins\org.eclipse.m2e.maven.runtime_3.9.900.20240824-1409\jars\plexus-build-api-1.2.0.jar
2026-05-17 18:45:59,194 [Worker-28: Launching maven-demo (1)] INFO  o.eclipse.m2e.core.internal.Bundles - 	Entry: C:\Users\admin\.p2\pool\plugins\org.eclipse.m2e.maven.runtime_3.9.900.20240824-1409\jars\plexus-cipher-2.0.jar
2026-05-17 18:45:59,194 [Worker-28: Launching maven-demo (1)] INFO  o.eclipse.m2e.core.internal.Bundles - 	Entry: C:\Users\admin\.p2\pool\plugins\org.eclipse.m2e.maven.runtime_3.9.900.20240824-1409\jars\plexus-classworlds-2.8.0.jar
2026-05-17 18:45:59,194 [Worker-28: Launching maven-demo (1)] INFO  o.eclipse.m2e.core.internal.Bundles - 	Entry: C:\Users\admin\.p2\pool\plugins\org.eclipse.m2e.maven.runtime_3.9.900.20240824-1409\jars\plexus-component-annotations-2.1.0.jar
2026-05-17 18:45:59,194 [Worker-28: Launching maven-demo (1)] INFO  o.eclipse.m2e.core.internal.Bundles - 	Entry: C:\Users\admin\.p2\pool\plugins\org.eclipse.m2e.maven.runtime_3.9.900.20240824-1409\jars\plexus-interpolation-1.27.jar
2026-05-17 18:45:59,194 [Worker-28: Launching maven-demo (1)] INFO  o.eclipse.m2e.core.internal.Bundles - 	Entry: C:\Users\admin\.p2\pool\plugins\org.eclipse.m2e.maven.runtime_3.9.900.20240824-1409\jars\plexus-sec-dispatcher-2.0.jar
2026-05-17 18:45:59,194 [Worker-28: Launching maven-demo (1)] INFO  o.eclipse.m2e.core.internal.Bundles - 	Entry: C:\Users\admin\.p2\pool\plugins\org.eclipse.m2e.maven.runtime_3.9.900.20240824-1409\jars\plexus-utils-3.5.1.jar
2026-05-17 18:45:59,194 [Worker-28: Launching maven-demo (1)] INFO  o.eclipse.m2e.core.internal.Bundles - 	Entry: C:\Users\admin\.p2\pool\plugins\org.eclipse.m2e.maven.runtime_3.9.900.20240824-1409\jars\plexus-xml-3.0.1.jar
2026-05-17 18:45:59,194 [Worker-28: Launching maven-demo (1)] INFO  o.eclipse.m2e.core.internal.Bundles - 	Entry: C:\Users\admin\.p2\pool\plugins\org.eclipse.m2e.maven.runtime_3.9.900.20240824-1409\jars\wagon-file-3.5.3.jar
2026-05-17 18:45:59,194 [Worker-28: Launching maven-demo (1)] INFO  o.eclipse.m2e.core.internal.Bundles - 	Entry: C:\Users\admin\.p2\pool\plugins\org.eclipse.m2e.maven.runtime_3.9.900.20240824-1409\jars\wagon-http-3.5.3.jar
2026-05-17 18:45:59,194 [Worker-28: Launching maven-demo (1)] INFO  o.eclipse.m2e.core.internal.Bundles - 	Entry: C:\Users\admin\.p2\pool\plugins\org.eclipse.m2e.maven.runtime_3.9.900.20240824-1409\jars\wagon-http-shared-3.5.3.jar
2026-05-17 18:45:59,194 [Worker-28: Launching maven-demo (1)] INFO  o.eclipse.m2e.core.internal.Bundles - 	Entry: C:\Users\admin\.p2\pool\plugins\org.eclipse.m2e.maven.runtime_3.9.900.20240824-1409\jars\wagon-provider-api-3.5.3.jar
2026-05-17 18:45:59,195 [Worker-28: Launching maven-demo (1)] INFO  o.eclipse.m2e.core.internal.Bundles - getClasspathEntries(Bundle=com.google.guava_33.3.0.jre [16])
2026-05-17 18:45:59,195 [Worker-28: Launching maven-demo (1)] INFO  o.eclipse.m2e.core.internal.Bundles - 	Entry: C:\Users\admin\.p2\pool\plugins\com.google.guava_33.3.0.jre.jar
2026-05-17 18:45:59,195 [Worker-28: Launching maven-demo (1)] INFO  o.eclipse.m2e.core.internal.Bundles - getClasspathEntries(Bundle=slf4j.api_2.0.16 [1007])
2026-05-17 18:45:59,196 [Worker-28: Launching maven-demo (1)] INFO  o.eclipse.m2e.core.internal.Bundles - 	Entry: C:\Users\admin\.p2\pool\plugins\slf4j.api_2.0.16.jar
2026-05-17 18:45:59,196 [Worker-28: Launching maven-demo (1)] INFO  o.eclipse.m2e.core.internal.Bundles - getClasspathEntries(Bundle=jakarta.inject.jakarta.inject-api_1.0.5 [34])
2026-05-17 18:45:59,197 [Worker-28: Launching maven-demo (1)] INFO  o.eclipse.m2e.core.internal.Bundles - 	Entry: C:\Users\admin\.p2\pool\plugins\jakarta.inject.jakarta.inject-api_1.0.5.jar
2026-05-17 18:45:59,197 [Worker-28: Launching maven-demo (1)] INFO  o.eclipse.m2e.core.internal.Bundles - getClasspathEntries(Bundle=jakarta.annotation-api_1.3.5 [29])
2026-05-17 18:45:59,198 [Worker-28: Launching maven-demo (1)] INFO  o.eclipse.m2e.core.internal.Bundles - 	Entry: C:\Users\admin\.p2\pool\plugins\jakarta.annotation-api_1.3.5.jar
2026-05-17 18:45:59,198 [Worker-28: Launching maven-demo (1)] INFO  o.eclipse.m2e.core.internal.Bundles - getClasspathEntries(Bundle=org.apache.commons.cli_1.9.0 [78])
2026-05-17 18:45:59,198 [Worker-28: Launching maven-demo (1)] INFO  o.eclipse.m2e.core.internal.Bundles - 	Entry: C:\Users\admin\.p2\pool\plugins\org.apache.commons.cli_1.9.0.jar
2026-05-17 18:45:59,198 [Worker-28: Launching maven-demo (1)] INFO  o.eclipse.m2e.core.internal.Bundles - getClasspathEntries(Bundle=org.apache.commons.commons-codec_1.16.0 [81])
2026-05-17 18:45:59,198 [Worker-28: Launching maven-demo (1)] INFO  o.eclipse.m2e.core.internal.Bundles - 	Entry: C:\Users\admin\.p2\pool\plugins\org.apache.commons.commons-codec_1.16.0.jar
2026-05-17 18:45:59,199 [Worker-28: Launching maven-demo (1)] INFO  o.eclipse.m2e.core.internal.Bundles - getClasspathEntries(Bundle=com.google.guava.failureaccess_1.0.2 [17])
2026-05-17 18:45:59,199 [Worker-28: Launching maven-demo (1)] INFO  o.eclipse.m2e.core.internal.Bundles - 	Entry: C:\Users\admin\.p2\pool\plugins\com.google.guava.failureaccess_1.0.2.jar
2026-05-17 18:45:59,201 [Worker-28: Launching maven-demo (1)] INFO  o.e.m.i.launch.MavenLaunchDelegate - Run build in "C:\JBLD94\maven-demo":
2026-05-17 18:45:59,201 [Worker-28: Launching maven-demo (1)] INFO  o.e.m.i.launch.MavenLaunchDelegate -  mvn  -B -Dstyle.color=always clean install
2026-05-17 18:46:17,124 [Worker-27: Building] INFO  o.e.m.c.i.l.LifecycleMappingFactory - Using org.eclipse.m2e.jdt.JarLifecycleMapping lifecycle mapping for MavenProject: com.demo:maven-demo:0.0.1-SNAPSHOT @ C:\JBLD94\maven-demo\pom.xml.
2026-05-17 18:46:17,237 [Worker-27: Building] WARN  o.a.m.s.f.DefaultMavenResourcesFiltering - Using platform encoding (UTF-8 actually) to copy filtered resources, i.e. build is platform dependent!
2026-05-17 18:46:17,239 [Worker-27: Building] INFO  o.a.m.s.f.DefaultMavenResourcesFiltering - Copying 0 resource from src\main\resources to target\classes
2026-05-17 18:46:17,245 [Worker-27: Building] WARN  o.a.m.s.f.DefaultMavenResourcesFiltering - Using platform encoding (UTF-8 actually) to copy filtered resources, i.e. build is platform dependent!
2026-05-17 18:46:17,246 [Worker-27: Building] INFO  o.a.m.s.f.DefaultMavenResourcesFiltering - Copying 0 resource from src\test\resources to target\test-classes
2026-05-17 18:46:46,746 [main] INFO  o.e.m2e.actions.ExecutePomAction - Creating new launch configuration
2026-05-17 18:46:51,845 [Worker-9: Launching maven-demo (2)] INFO  o.eclipse.m2e.core.internal.Bundles - getClasspathEntries(Bundle=org.eclipse.m2e.maven.runtime_3.9.900.20240824-1409 [642])
2026-05-17 18:46:51,846 [Worker-9: Launching maven-demo (2)] INFO  o.eclipse.m2e.core.internal.Bundles - 	Entry: C:\Users\admin\.p2\pool\plugins\org.eclipse.m2e.maven.runtime_3.9.900.20240824-1409
2026-05-17 18:46:51,846 [Worker-9: Launching maven-demo (2)] INFO  o.eclipse.m2e.core.internal.Bundles - 	Entry: C:\Users\admin\.p2\pool\plugins\org.eclipse.m2e.maven.runtime_3.9.900.20240824-1409\jars\aopalliance-1.0.jar
2026-05-17 18:46:51,846 [Worker-9: Launching maven-demo (2)] INFO  o.eclipse.m2e.core.internal.Bundles - 	Entry: C:\Users\admin\.p2\pool\plugins\org.eclipse.m2e.maven.runtime_3.9.900.20240824-1409\jars\guice-5.1.0.jar
2026-05-17 18:46:51,847 [Worker-9: Launching maven-demo (2)] INFO  o.eclipse.m2e.core.internal.Bundles - 	Entry: C:\Users\admin\.p2\pool\plugins\org.eclipse.m2e.maven.runtime_3.9.900.20240824-1409\jars\httpclient-4.5.14.jar
2026-05-17 18:46:51,847 [Worker-9: Launching maven-demo (2)] INFO  o.eclipse.m2e.core.internal.Bundles - 	Entry: C:\Users\admin\.p2\pool\plugins\org.eclipse.m2e.maven.runtime_3.9.900.20240824-1409\jars\httpcore-4.4.16.jar
2026-05-17 18:46:51,847 [Worker-9: Launching maven-demo (2)] INFO  o.eclipse.m2e.core.internal.Bundles - 	Entry: C:\Users\admin\.p2\pool\plugins\org.eclipse.m2e.maven.runtime_3.9.900.20240824-1409\jars\jansi-2.4.1.jar
2026-05-17 18:46:51,847 [Worker-9: Launching maven-demo (2)] INFO  o.eclipse.m2e.core.internal.Bundles - 	Entry: C:\Users\admin\.p2\pool\plugins\org.eclipse.m2e.maven.runtime_3.9.900.20240824-1409\jars\jcl-over-slf4j-1.7.36.jar
2026-05-17 18:46:51,847 [Worker-9: Launching maven-demo (2)] INFO  o.eclipse.m2e.core.internal.Bundles - 	Entry: C:\Users\admin\.p2\pool\plugins\org.eclipse.m2e.maven.runtime_3.9.900.20240824-1409\jars\maven-artifact-3.9.9.jar
2026-05-17 18:46:51,847 [Worker-9: Launching maven-demo (2)] INFO  o.eclipse.m2e.core.internal.Bundles - 	Entry: C:\Users\admin\.p2\pool\plugins\org.eclipse.m2e.maven.runtime_3.9.900.20240824-1409\jars\maven-builder-support-3.9.9.jar
2026-05-17 18:46:51,847 [Worker-9: Launching maven-demo (2)] INFO  o.eclipse.m2e.core.internal.Bundles - 	Entry: C:\Users\admin\.p2\pool\plugins\org.eclipse.m2e.maven.runtime_3.9.900.20240824-1409\jars\maven-compat-3.9.9.jar
2026-05-17 18:46:51,847 [Worker-9: Launching maven-demo (2)] INFO  o.eclipse.m2e.core.internal.Bundles - 	Entry: C:\Users\admin\.p2\pool\plugins\org.eclipse.m2e.maven.runtime_3.9.900.20240824-1409\jars\maven-core-3.9.9.jar
2026-05-17 18:46:51,848 [Worker-9: Launching maven-demo (2)] INFO  o.eclipse.m2e.core.internal.Bundles - 	Entry: C:\Users\admin\.p2\pool\plugins\org.eclipse.m2e.maven.runtime_3.9.900.20240824-1409\jars\maven-embedder-3.9.9.jar
2026-05-17 18:46:51,848 [Worker-9: Launching maven-demo (2)] INFO  o.eclipse.m2e.core.internal.Bundles - 	Entry: C:\Users\admin\.p2\pool\plugins\org.eclipse.m2e.maven.runtime_3.9.900.20240824-1409\jars\maven-model-3.9.9.jar
2026-05-17 18:46:51,848 [Worker-9: Launching maven-demo (2)] INFO  o.eclipse.m2e.core.internal.Bundles - 	Entry: C:\Users\admin\.p2\pool\plugins\org.eclipse.m2e.maven.runtime_3.9.900.20240824-1409\jars\maven-model-builder-3.9.9.jar
2026-05-17 18:46:51,848 [Worker-9: Launching maven-demo (2)] INFO  o.eclipse.m2e.core.internal.Bundles - 	Entry: C:\Users\admin\.p2\pool\plugins\org.eclipse.m2e.maven.runtime_3.9.900.20240824-1409\jars\maven-plugin-api-3.9.9.jar
2026-05-17 18:46:51,848 [Worker-9: Launching maven-demo (2)] INFO  o.eclipse.m2e.core.internal.Bundles - 	Entry: C:\Users\admin\.p2\pool\plugins\org.eclipse.m2e.maven.runtime_3.9.900.20240824-1409\jars\maven-repository-metadata-3.9.9.jar
2026-05-17 18:46:51,848 [Worker-9: Launching maven-demo (2)] INFO  o.eclipse.m2e.core.internal.Bundles - 	Entry: C:\Users\admin\.p2\pool\plugins\org.eclipse.m2e.maven.runtime_3.9.900.20240824-1409\jars\maven-resolver-api-1.9.22.jar
2026-05-17 18:46:51,848 [Worker-9: Launching maven-demo (2)] INFO  o.eclipse.m2e.core.internal.Bundles - 	Entry: C:\Users\admin\.p2\pool\plugins\org.eclipse.m2e.maven.runtime_3.9.900.20240824-1409\jars\maven-resolver-connector-basic-1.9.22.jar
2026-05-17 18:46:51,848 [Worker-9: Launching maven-demo (2)] INFO  o.eclipse.m2e.core.internal.Bundles - 	Entry: C:\Users\admin\.p2\pool\plugins\org.eclipse.m2e.maven.runtime_3.9.900.20240824-1409\jars\maven-resolver-impl-1.9.22.jar
2026-05-17 18:46:51,848 [Worker-9: Launching maven-demo (2)] INFO  o.eclipse.m2e.core.internal.Bundles - 	Entry: C:\Users\admin\.p2\pool\plugins\org.eclipse.m2e.maven.runtime_3.9.900.20240824-1409\jars\maven-resolver-named-locks-1.9.22.jar
2026-05-17 18:46:51,848 [Worker-9: Launching maven-demo (2)] INFO  o.eclipse.m2e.core.internal.Bundles - 	Entry: C:\Users\admin\.p2\pool\plugins\org.eclipse.m2e.maven.runtime_3.9.900.20240824-1409\jars\maven-resolver-provider-3.9.9.jar
2026-05-17 18:46:51,848 [Worker-9: Launching maven-demo (2)] INFO  o.eclipse.m2e.core.internal.Bundles - 	Entry: C:\Users\admin\.p2\pool\plugins\org.eclipse.m2e.maven.runtime_3.9.900.20240824-1409\jars\maven-resolver-spi-1.9.22.jar
2026-05-17 18:46:51,849 [Worker-9: Launching maven-demo (2)] INFO  o.eclipse.m2e.core.internal.Bundles - 	Entry: C:\Users\admin\.p2\pool\plugins\org.eclipse.m2e.maven.runtime_3.9.900.20240824-1409\jars\maven-resolver-transport-file-1.9.22.jar
2026-05-17 18:46:51,849 [Worker-9: Launching maven-demo (2)] INFO  o.eclipse.m2e.core.internal.Bundles - 	Entry: C:\Users\admin\.p2\pool\plugins\org.eclipse.m2e.maven.runtime_3.9.900.20240824-1409\jars\maven-resolver-transport-http-1.9.22.jar
2026-05-17 18:46:51,849 [Worker-9: Launching maven-demo (2)] INFO  o.eclipse.m2e.core.internal.Bundles - 	Entry: C:\Users\admin\.p2\pool\plugins\org.eclipse.m2e.maven.runtime_3.9.900.20240824-1409\jars\maven-resolver-transport-wagon-1.9.22.jar
2026-05-17 18:46:51,849 [Worker-9: Launching maven-demo (2)] INFO  o.eclipse.m2e.core.internal.Bundles - 	Entry: C:\Users\admin\.p2\pool\plugins\org.eclipse.m2e.maven.runtime_3.9.900.20240824-1409\jars\maven-resolver-util-1.9.22.jar
2026-05-17 18:46:51,849 [Worker-9: Launching maven-demo (2)] INFO  o.eclipse.m2e.core.internal.Bundles - 	Entry: C:\Users\admin\.p2\pool\plugins\org.eclipse.m2e.maven.runtime_3.9.900.20240824-1409\jars\maven-settings-3.9.9.jar
2026-05-17 18:46:51,849 [Worker-9: Launching maven-demo (2)] INFO  o.eclipse.m2e.core.internal.Bundles - 	Entry: C:\Users\admin\.p2\pool\plugins\org.eclipse.m2e.maven.runtime_3.9.900.20240824-1409\jars\maven-settings-builder-3.9.9.jar
2026-05-17 18:46:51,849 [Worker-9: Launching maven-demo (2)] INFO  o.eclipse.m2e.core.internal.Bundles - 	Entry: C:\Users\admin\.p2\pool\plugins\org.eclipse.m2e.maven.runtime_3.9.900.20240824-1409\jars\maven-shared-utils-3.4.2.jar
2026-05-17 18:46:51,849 [Worker-9: Launching maven-demo (2)] INFO  o.eclipse.m2e.core.internal.Bundles - 	Entry: C:\Users\admin\.p2\pool\plugins\org.eclipse.m2e.maven.runtime_3.9.900.20240824-1409\jars\org.eclipse.sisu.inject-0.9.0.M3.jar
2026-05-17 18:46:51,849 [Worker-9: Launching maven-demo (2)] INFO  o.eclipse.m2e.core.internal.Bundles - 	Entry: C:\Users\admin\.p2\pool\plugins\org.eclipse.m2e.maven.runtime_3.9.900.20240824-1409\jars\org.eclipse.sisu.plexus-0.9.0.M3.jar
2026-05-17 18:46:51,849 [Worker-9: Launching maven-demo (2)] INFO  o.eclipse.m2e.core.internal.Bundles - 	Entry: C:\Users\admin\.p2\pool\plugins\org.eclipse.m2e.maven.runtime_3.9.900.20240824-1409\jars\plexus-build-api-0.0.7.jar
2026-05-17 18:46:51,849 [Worker-9: Launching maven-demo (2)] INFO  o.eclipse.m2e.core.internal.Bundles - 	Entry: C:\Users\admin\.p2\pool\plugins\org.eclipse.m2e.maven.runtime_3.9.900.20240824-1409\jars\plexus-build-api-1.2.0.jar
2026-05-17 18:46:51,849 [Worker-9: Launching maven-demo (2)] INFO  o.eclipse.m2e.core.internal.Bundles - 	Entry: C:\Users\admin\.p2\pool\plugins\org.eclipse.m2e.maven.runtime_3.9.900.20240824-1409\jars\plexus-cipher-2.0.jar
2026-05-17 18:46:51,849 [Worker-9: Launching maven-demo (2)] INFO  o.eclipse.m2e.core.internal.Bundles - 	Entry: C:\Users\admin\.p2\pool\plugins\org.eclipse.m2e.maven.runtime_3.9.900.20240824-1409\jars\plexus-classworlds-2.8.0.jar
2026-05-17 18:46:51,849 [Worker-9: Launching maven-demo (2)] INFO  o.eclipse.m2e.core.internal.Bundles - 	Entry: C:\Users\admin\.p2\pool\plugins\org.eclipse.m2e.maven.runtime_3.9.900.20240824-1409\jars\plexus-component-annotations-2.1.0.jar
2026-05-17 18:46:51,850 [Worker-9: Launching maven-demo (2)] INFO  o.eclipse.m2e.core.internal.Bundles - 	Entry: C:\Users\admin\.p2\pool\plugins\org.eclipse.m2e.maven.runtime_3.9.900.20240824-1409\jars\plexus-interpolation-1.27.jar
2026-05-17 18:46:51,850 [Worker-9: Launching maven-demo (2)] INFO  o.eclipse.m2e.core.internal.Bundles - 	Entry: C:\Users\admin\.p2\pool\plugins\org.eclipse.m2e.maven.runtime_3.9.900.20240824-1409\jars\plexus-sec-dispatcher-2.0.jar
2026-05-17 18:46:51,850 [Worker-9: Launching maven-demo (2)] INFO  o.eclipse.m2e.core.internal.Bundles - 	Entry: C:\Users\admin\.p2\pool\plugins\org.eclipse.m2e.maven.runtime_3.9.900.20240824-1409\jars\plexus-utils-3.5.1.jar
2026-05-17 18:46:51,850 [Worker-9: Launching maven-demo (2)] INFO  o.eclipse.m2e.core.internal.Bundles - 	Entry: C:\Users\admin\.p2\pool\plugins\org.eclipse.m2e.maven.runtime_3.9.900.20240824-1409\jars\plexus-xml-3.0.1.jar
2026-05-17 18:46:51,850 [Worker-9: Launching maven-demo (2)] INFO  o.eclipse.m2e.core.internal.Bundles - 	Entry: C:\Users\admin\.p2\pool\plugins\org.eclipse.m2e.maven.runtime_3.9.900.20240824-1409\jars\wagon-file-3.5.3.jar
2026-05-17 18:46:51,850 [Worker-9: Launching maven-demo (2)] INFO  o.eclipse.m2e.core.internal.Bundles - 	Entry: C:\Users\admin\.p2\pool\plugins\org.eclipse.m2e.maven.runtime_3.9.900.20240824-1409\jars\wagon-http-3.5.3.jar
2026-05-17 18:46:51,850 [Worker-9: Launching maven-demo (2)] INFO  o.eclipse.m2e.core.internal.Bundles - 	Entry: C:\Users\admin\.p2\pool\plugins\org.eclipse.m2e.maven.runtime_3.9.900.20240824-1409\jars\wagon-http-shared-3.5.3.jar
2026-05-17 18:46:51,850 [Worker-9: Launching maven-demo (2)] INFO  o.eclipse.m2e.core.internal.Bundles - 	Entry: C:\Users\admin\.p2\pool\plugins\org.eclipse.m2e.maven.runtime_3.9.900.20240824-1409\jars\wagon-provider-api-3.5.3.jar
2026-05-17 18:46:51,851 [Worker-9: Launching maven-demo (2)] INFO  o.eclipse.m2e.core.internal.Bundles - getClasspathEntries(Bundle=com.google.guava_33.3.0.jre [16])
2026-05-17 18:46:51,851 [Worker-9: Launching maven-demo (2)] INFO  o.eclipse.m2e.core.internal.Bundles - 	Entry: C:\Users\admin\.p2\pool\plugins\com.google.guava_33.3.0.jre.jar
2026-05-17 18:46:51,851 [Worker-9: Launching maven-demo (2)] INFO  o.eclipse.m2e.core.internal.Bundles - getClasspathEntries(Bundle=slf4j.api_2.0.16 [1007])
2026-05-17 18:46:51,851 [Worker-9: Launching maven-demo (2)] INFO  o.eclipse.m2e.core.internal.Bundles - 	Entry: C:\Users\admin\.p2\pool\plugins\slf4j.api_2.0.16.jar
2026-05-17 18:46:51,851 [Worker-9: Launching maven-demo (2)] INFO  o.eclipse.m2e.core.internal.Bundles - getClasspathEntries(Bundle=jakarta.inject.jakarta.inject-api_1.0.5 [34])
2026-05-17 18:46:51,852 [Worker-9: Launching maven-demo (2)] INFO  o.eclipse.m2e.core.internal.Bundles - 	Entry: C:\Users\admin\.p2\pool\plugins\jakarta.inject.jakarta.inject-api_1.0.5.jar
2026-05-17 18:46:51,852 [Worker-9: Launching maven-demo (2)] INFO  o.eclipse.m2e.core.internal.Bundles - getClasspathEntries(Bundle=jakarta.annotation-api_1.3.5 [29])
2026-05-17 18:46:51,852 [Worker-9: Launching maven-demo (2)] INFO  o.eclipse.m2e.core.internal.Bundles - 	Entry: C:\Users\admin\.p2\pool\plugins\jakarta.annotation-api_1.3.5.jar
2026-05-17 18:46:51,852 [Worker-9: Launching maven-demo (2)] INFO  o.eclipse.m2e.core.internal.Bundles - getClasspathEntries(Bundle=org.apache.commons.cli_1.9.0 [78])
2026-05-17 18:46:51,852 [Worker-9: Launching maven-demo (2)] INFO  o.eclipse.m2e.core.internal.Bundles - 	Entry: C:\Users\admin\.p2\pool\plugins\org.apache.commons.cli_1.9.0.jar
2026-05-17 18:46:51,852 [Worker-9: Launching maven-demo (2)] INFO  o.eclipse.m2e.core.internal.Bundles - getClasspathEntries(Bundle=org.apache.commons.commons-codec_1.16.0 [81])
2026-05-17 18:46:51,852 [Worker-9: Launching maven-demo (2)] INFO  o.eclipse.m2e.core.internal.Bundles - 	Entry: C:\Users\admin\.p2\pool\plugins\org.apache.commons.commons-codec_1.16.0.jar
2026-05-17 18:46:51,852 [Worker-9: Launching maven-demo (2)] INFO  o.eclipse.m2e.core.internal.Bundles - getClasspathEntries(Bundle=com.google.guava.failureaccess_1.0.2 [17])
2026-05-17 18:46:51,852 [Worker-9: Launching maven-demo (2)] INFO  o.eclipse.m2e.core.internal.Bundles - 	Entry: C:\Users\admin\.p2\pool\plugins\com.google.guava.failureaccess_1.0.2.jar
2026-05-17 18:46:51,854 [Worker-9: Launching maven-demo (2)] INFO  o.e.m.i.launch.MavenLaunchDelegate - Run build in "C:\JBLD94\maven-demo":
2026-05-17 18:46:51,854 [Worker-9: Launching maven-demo (2)] INFO  o.e.m.i.launch.MavenLaunchDelegate -  mvn  -B -Dstyle.color=always clean install
2026-05-17 18:48:03,637 [Worker-26: Building] INFO  o.e.m.c.i.l.LifecycleMappingFactory - Using org.eclipse.m2e.jdt.JarLifecycleMapping lifecycle mapping for MavenProject: com.demo:maven-demo:0.0.1-SNAPSHOT @ C:\JBLD94\maven-demo\pom.xml.
2026-05-17 18:48:04,029 [Worker-26: Building] WARN  o.a.m.s.f.DefaultMavenResourcesFiltering - Using platform encoding (UTF-8 actually) to copy filtered resources, i.e. build is platform dependent!
2026-05-17 18:48:04,031 [Worker-26: Building] INFO  o.a.m.s.f.DefaultMavenResourcesFiltering - Copying 0 resource from src\main\resources to target\classes
2026-05-17 18:48:04,036 [Worker-26: Building] WARN  o.a.m.s.f.DefaultMavenResourcesFiltering - Using platform encoding (UTF-8 actually) to copy filtered resources, i.e. build is platform dependent!
2026-05-17 18:48:04,037 [Worker-26: Building] INFO  o.a.m.s.f.DefaultMavenResourcesFiltering - Copying 0 resource from src\test\resources to target\test-classes
2026-05-17 18:48:04,065 [Worker-9: Updating Maven Project] INFO  o.e.m.c.i.p.ProjectConfigurationManager - Update started
2026-05-17 18:48:04,225 [Worker-9: Updating Maven Project] INFO  o.e.m.c.i.l.LifecycleMappingFactory - Using org.eclipse.m2e.jdt.JarLifecycleMapping lifecycle mapping for MavenProject: com.demo:maven-demo:0.0.1-SNAPSHOT @ C:\JBLD94\maven-demo\pom.xml.
2026-05-17 18:48:04,332 [Worker-9: Updating Maven Project] INFO  o.e.m.j.i.AbstractJavaProjectConfigurator - Adding source folder /maven-demo/src/main/java
2026-05-17 18:48:04,332 [Worker-9: Updating Maven Project] INFO  o.e.m.j.i.AbstractJavaProjectConfigurator - Adding resource folder /maven-demo/src/main/resources
2026-05-17 18:48:04,332 [Worker-9: Updating Maven Project] INFO  o.e.m.j.i.AbstractJavaProjectConfigurator - Adding source folder /maven-demo/src/test/java
2026-05-17 18:48:04,333 [Worker-9: Updating Maven Project] INFO  o.e.m.j.i.AbstractJavaProjectConfigurator - Adding resource folder /maven-demo/src/test/resources
2026-05-17 18:48:04,370 [Worker-9: Updating Maven Project] INFO  o.e.m.c.i.p.ProjectConfigurationManager - Update completed for 1 poms: local refresh takes 0.00 sec, refresh facades takes 0.00 sec, update config takes 0.00 sec 
2026-05-17 18:48:05,093 [Worker-27: Building] WARN  o.a.m.s.f.DefaultMavenResourcesFiltering - Using platform encoding (UTF-8 actually) to copy filtered resources, i.e. build is platform dependent!
2026-05-17 18:48:05,093 [Worker-27: Building] INFO  o.a.m.s.f.DefaultMavenResourcesFiltering - Copying 0 resource from src\main\resources to target\classes
2026-05-17 18:48:05,096 [Worker-27: Building] WARN  o.a.m.s.f.DefaultMavenResourcesFiltering - Using platform encoding (UTF-8 actually) to copy filtered resources, i.e. build is platform dependent!
2026-05-17 18:48:05,097 [Worker-27: Building] INFO  o.a.m.s.f.DefaultMavenResourcesFiltering - Copying 0 resource from src\test\resources to target\test-classes
2026-05-17 18:48:21,014 [main] INFO  o.e.m2e.actions.ExecutePomAction - Creating new launch configuration
2026-05-17 18:48:24,528 [Worker-29: Launching maven-demo (3)] INFO  o.eclipse.m2e.core.internal.Bundles - getClasspathEntries(Bundle=org.eclipse.m2e.maven.runtime_3.9.900.20240824-1409 [642])
2026-05-17 18:48:24,528 [Worker-29: Launching maven-demo (3)] INFO  o.eclipse.m2e.core.internal.Bundles - 	Entry: C:\Users\admin\.p2\pool\plugins\org.eclipse.m2e.maven.runtime_3.9.900.20240824-1409
2026-05-17 18:48:24,530 [Worker-29: Launching maven-demo (3)] INFO  o.eclipse.m2e.core.internal.Bundles - 	Entry: C:\Users\admin\.p2\pool\plugins\org.eclipse.m2e.maven.runtime_3.9.900.20240824-1409\jars\aopalliance-1.0.jar
2026-05-17 18:48:24,530 [Worker-29: Launching maven-demo (3)] INFO  o.eclipse.m2e.core.internal.Bundles - 	Entry: C:\Users\admin\.p2\pool\plugins\org.eclipse.m2e.maven.runtime_3.9.900.20240824-1409\jars\guice-5.1.0.jar
2026-05-17 18:48:24,530 [Worker-29: Launching maven-demo (3)] INFO  o.eclipse.m2e.core.internal.Bundles - 	Entry: C:\Users\admin\.p2\pool\plugins\org.eclipse.m2e.maven.runtime_3.9.900.20240824-1409\jars\httpclient-4.5.14.jar
2026-05-17 18:48:24,530 [Worker-29: Launching maven-demo (3)] INFO  o.eclipse.m2e.core.internal.Bundles - 	Entry: C:\Users\admin\.p2\pool\plugins\org.eclipse.m2e.maven.runtime_3.9.900.20240824-1409\jars\httpcore-4.4.16.jar
2026-05-17 18:48:24,530 [Worker-29: Launching maven-demo (3)] INFO  o.eclipse.m2e.core.internal.Bundles - 	Entry: C:\Users\admin\.p2\pool\plugins\org.eclipse.m2e.maven.runtime_3.9.900.20240824-1409\jars\jansi-2.4.1.jar
2026-05-17 18:48:24,530 [Worker-29: Launching maven-demo (3)] INFO  o.eclipse.m2e.core.internal.Bundles - 	Entry: C:\Users\admin\.p2\pool\plugins\org.eclipse.m2e.maven.runtime_3.9.900.20240824-1409\jars\jcl-over-slf4j-1.7.36.jar
2026-05-17 18:48:24,531 [Worker-29: Launching maven-demo (3)] INFO  o.eclipse.m2e.core.internal.Bundles - 	Entry: C:\Users\admin\.p2\pool\plugins\org.eclipse.m2e.maven.runtime_3.9.900.20240824-1409\jars\maven-artifact-3.9.9.jar
2026-05-17 18:48:24,531 [Worker-29: Launching maven-demo (3)] INFO  o.eclipse.m2e.core.internal.Bundles - 	Entry: C:\Users\admin\.p2\pool\plugins\org.eclipse.m2e.maven.runtime_3.9.900.20240824-1409\jars\maven-builder-support-3.9.9.jar
2026-05-17 18:48:24,531 [Worker-29: Launching maven-demo (3)] INFO  o.eclipse.m2e.core.internal.Bundles - 	Entry: C:\Users\admin\.p2\pool\plugins\org.eclipse.m2e.maven.runtime_3.9.900.20240824-1409\jars\maven-compat-3.9.9.jar
2026-05-17 18:48:24,531 [Worker-29: Launching maven-demo (3)] INFO  o.eclipse.m2e.core.internal.Bundles - 	Entry: C:\Users\admin\.p2\pool\plugins\org.eclipse.m2e.maven.runtime_3.9.900.20240824-1409\jars\maven-core-3.9.9.jar
2026-05-17 18:48:24,531 [Worker-29: Launching maven-demo (3)] INFO  o.eclipse.m2e.core.internal.Bundles - 	Entry: C:\Users\admin\.p2\pool\plugins\org.eclipse.m2e.maven.runtime_3.9.900.20240824-1409\jars\maven-embedder-3.9.9.jar
2026-05-17 18:48:24,531 [Worker-29: Launching maven-demo (3)] INFO  o.eclipse.m2e.core.internal.Bundles - 	Entry: C:\Users\admin\.p2\pool\plugins\org.eclipse.m2e.maven.runtime_3.9.900.20240824-1409\jars\maven-model-3.9.9.jar
2026-05-17 18:48:24,531 [Worker-29: Launching maven-demo (3)] INFO  o.eclipse.m2e.core.internal.Bundles - 	Entry: C:\Users\admin\.p2\pool\plugins\org.eclipse.m2e.maven.runtime_3.9.900.20240824-1409\jars\maven-model-builder-3.9.9.jar
2026-05-17 18:48:24,531 [Worker-29: Launching maven-demo (3)] INFO  o.eclipse.m2e.core.internal.Bundles - 	Entry: C:\Users\admin\.p2\pool\plugins\org.eclipse.m2e.maven.runtime_3.9.900.20240824-1409\jars\maven-plugin-api-3.9.9.jar
2026-05-17 18:48:24,531 [Worker-29: Launching maven-demo (3)] INFO  o.eclipse.m2e.core.internal.Bundles - 	Entry: C:\Users\admin\.p2\pool\plugins\org.eclipse.m2e.maven.runtime_3.9.900.20240824-1409\jars\maven-repository-metadata-3.9.9.jar
2026-05-17 18:48:24,531 [Worker-29: Launching maven-demo (3)] INFO  o.eclipse.m2e.core.internal.Bundles - 	Entry: C:\Users\admin\.p2\pool\plugins\org.eclipse.m2e.maven.runtime_3.9.900.20240824-1409\jars\maven-resolver-api-1.9.22.jar
2026-05-17 18:48:24,532 [Worker-29: Launching maven-demo (3)] INFO  o.eclipse.m2e.core.internal.Bundles - 	Entry: C:\Users\admin\.p2\pool\plugins\org.eclipse.m2e.maven.runtime_3.9.900.20240824-1409\jars\maven-resolver-connector-basic-1.9.22.jar
2026-05-17 18:48:24,532 [Worker-29: Launching maven-demo (3)] INFO  o.eclipse.m2e.core.internal.Bundles - 	Entry: C:\Users\admin\.p2\pool\plugins\org.eclipse.m2e.maven.runtime_3.9.900.20240824-1409\jars\maven-resolver-impl-1.9.22.jar
2026-05-17 18:48:24,532 [Worker-29: Launching maven-demo (3)] INFO  o.eclipse.m2e.core.internal.Bundles - 	Entry: C:\Users\admin\.p2\pool\plugins\org.eclipse.m2e.maven.runtime_3.9.900.20240824-1409\jars\maven-resolver-named-locks-1.9.22.jar
2026-05-17 18:48:24,532 [Worker-29: Launching maven-demo (3)] INFO  o.eclipse.m2e.core.internal.Bundles - 	Entry: C:\Users\admin\.p2\pool\plugins\org.eclipse.m2e.maven.runtime_3.9.900.20240824-1409\jars\maven-resolver-provider-3.9.9.jar
2026-05-17 18:48:24,532 [Worker-29: Launching maven-demo (3)] INFO  o.eclipse.m2e.core.internal.Bundles - 	Entry: C:\Users\admin\.p2\pool\plugins\org.eclipse.m2e.maven.runtime_3.9.900.20240824-1409\jars\maven-resolver-spi-1.9.22.jar
2026-05-17 18:48:24,532 [Worker-29: Launching maven-demo (3)] INFO  o.eclipse.m2e.core.internal.Bundles - 	Entry: C:\Users\admin\.p2\pool\plugins\org.eclipse.m2e.maven.runtime_3.9.900.20240824-1409\jars\maven-resolver-transport-file-1.9.22.jar
2026-05-17 18:48:24,532 [Worker-29: Launching maven-demo (3)] INFO  o.eclipse.m2e.core.internal.Bundles - 	Entry: C:\Users\admin\.p2\pool\plugins\org.eclipse.m2e.maven.runtime_3.9.900.20240824-1409\jars\maven-resolver-transport-http-1.9.22.jar
2026-05-17 18:48:24,532 [Worker-29: Launching maven-demo (3)] INFO  o.eclipse.m2e.core.internal.Bundles - 	Entry: C:\Users\admin\.p2\pool\plugins\org.eclipse.m2e.maven.runtime_3.9.900.20240824-1409\jars\maven-resolver-transport-wagon-1.9.22.jar
2026-05-17 18:48:24,533 [Worker-29: Launching maven-demo (3)] INFO  o.eclipse.m2e.core.internal.Bundles - 	Entry: C:\Users\admin\.p2\pool\plugins\org.eclipse.m2e.maven.runtime_3.9.900.20240824-1409\jars\maven-resolver-util-1.9.22.jar
2026-05-17 18:48:24,533 [Worker-29: Launching maven-demo (3)] INFO  o.eclipse.m2e.core.internal.Bundles - 	Entry: C:\Users\admin\.p2\pool\plugins\org.eclipse.m2e.maven.runtime_3.9.900.20240824-1409\jars\maven-settings-3.9.9.jar
2026-05-17 18:48:24,533 [Worker-29: Launching maven-demo (3)] INFO  o.eclipse.m2e.core.internal.Bundles - 	Entry: C:\Users\admin\.p2\pool\plugins\org.eclipse.m2e.maven.runtime_3.9.900.20240824-1409\jars\maven-settings-builder-3.9.9.jar
2026-05-17 18:48:24,533 [Worker-29: Launching maven-demo (3)] INFO  o.eclipse.m2e.core.internal.Bundles - 	Entry: C:\Users\admin\.p2\pool\plugins\org.eclipse.m2e.maven.runtime_3.9.900.20240824-1409\jars\maven-shared-utils-3.4.2.jar
2026-05-17 18:48:24,533 [Worker-29: Launching maven-demo (3)] INFO  o.eclipse.m2e.core.internal.Bundles - 	Entry: C:\Users\admin\.p2\pool\plugins\org.eclipse.m2e.maven.runtime_3.9.900.20240824-1409\jars\org.eclipse.sisu.inject-0.9.0.M3.jar
2026-05-17 18:48:24,533 [Worker-29: Launching maven-demo (3)] INFO  o.eclipse.m2e.core.internal.Bundles - 	Entry: C:\Users\admin\.p2\pool\plugins\org.eclipse.m2e.maven.runtime_3.9.900.20240824-1409\jars\org.eclipse.sisu.plexus-0.9.0.M3.jar
2026-05-17 18:48:24,533 [Worker-29: Launching maven-demo (3)] INFO  o.eclipse.m2e.core.internal.Bundles - 	Entry: C:\Users\admin\.p2\pool\plugins\org.eclipse.m2e.maven.runtime_3.9.900.20240824-1409\jars\plexus-build-api-0.0.7.jar
2026-05-17 18:48:24,533 [Worker-29: Launching maven-demo (3)] INFO  o.eclipse.m2e.core.internal.Bundles - 	Entry: C:\Users\admin\.p2\pool\plugins\org.eclipse.m2e.maven.runtime_3.9.900.20240824-1409\jars\plexus-build-api-1.2.0.jar
2026-05-17 18:48:24,533 [Worker-29: Launching maven-demo (3)] INFO  o.eclipse.m2e.core.internal.Bundles - 	Entry: C:\Users\admin\.p2\pool\plugins\org.eclipse.m2e.maven.runtime_3.9.900.20240824-1409\jars\plexus-cipher-2.0.jar
2026-05-17 18:48:24,534 [Worker-29: Launching maven-demo (3)] INFO  o.eclipse.m2e.core.internal.Bundles - 	Entry: C:\Users\admin\.p2\pool\plugins\org.eclipse.m2e.maven.runtime_3.9.900.20240824-1409\jars\plexus-classworlds-2.8.0.jar
2026-05-17 18:48:24,534 [Worker-29: Launching maven-demo (3)] INFO  o.eclipse.m2e.core.internal.Bundles - 	Entry: C:\Users\admin\.p2\pool\plugins\org.eclipse.m2e.maven.runtime_3.9.900.20240824-1409\jars\plexus-component-annotations-2.1.0.jar
2026-05-17 18:48:24,534 [Worker-29: Launching maven-demo (3)] INFO  o.eclipse.m2e.core.internal.Bundles - 	Entry: C:\Users\admin\.p2\pool\plugins\org.eclipse.m2e.maven.runtime_3.9.900.20240824-1409\jars\plexus-interpolation-1.27.jar
2026-05-17 18:48:24,534 [Worker-29: Launching maven-demo (3)] INFO  o.eclipse.m2e.core.internal.Bundles - 	Entry: C:\Users\admin\.p2\pool\plugins\org.eclipse.m2e.maven.runtime_3.9.900.20240824-1409\jars\plexus-sec-dispatcher-2.0.jar
2026-05-17 18:48:24,534 [Worker-29: Launching maven-demo (3)] INFO  o.eclipse.m2e.core.internal.Bundles - 	Entry: C:\Users\admin\.p2\pool\plugins\org.eclipse.m2e.maven.runtime_3.9.900.20240824-1409\jars\plexus-utils-3.5.1.jar
2026-05-17 18:48:24,534 [Worker-29: Launching maven-demo (3)] INFO  o.eclipse.m2e.core.internal.Bundles - 	Entry: C:\Users\admin\.p2\pool\plugins\org.eclipse.m2e.maven.runtime_3.9.900.20240824-1409\jars\plexus-xml-3.0.1.jar
2026-05-17 18:48:24,534 [Worker-29: Launching maven-demo (3)] INFO  o.eclipse.m2e.core.internal.Bundles - 	Entry: C:\Users\admin\.p2\pool\plugins\org.eclipse.m2e.maven.runtime_3.9.900.20240824-1409\jars\wagon-file-3.5.3.jar
2026-05-17 18:48:24,534 [Worker-29: Launching maven-demo (3)] INFO  o.eclipse.m2e.core.internal.Bundles - 	Entry: C:\Users\admin\.p2\pool\plugins\org.eclipse.m2e.maven.runtime_3.9.900.20240824-1409\jars\wagon-http-3.5.3.jar
2026-05-17 18:48:24,534 [Worker-29: Launching maven-demo (3)] INFO  o.eclipse.m2e.core.internal.Bundles - 	Entry: C:\Users\admin\.p2\pool\plugins\org.eclipse.m2e.maven.runtime_3.9.900.20240824-1409\jars\wagon-http-shared-3.5.3.jar
2026-05-17 18:48:24,535 [Worker-29: Launching maven-demo (3)] INFO  o.eclipse.m2e.core.internal.Bundles - 	Entry: C:\Users\admin\.p2\pool\plugins\org.eclipse.m2e.maven.runtime_3.9.900.20240824-1409\jars\wagon-provider-api-3.5.3.jar
2026-05-17 18:48:24,535 [Worker-29: Launching maven-demo (3)] INFO  o.eclipse.m2e.core.internal.Bundles - getClasspathEntries(Bundle=com.google.guava_33.3.0.jre [16])
2026-05-17 18:48:24,535 [Worker-29: Launching maven-demo (3)] INFO  o.eclipse.m2e.core.internal.Bundles - 	Entry: C:\Users\admin\.p2\pool\plugins\com.google.guava_33.3.0.jre.jar
2026-05-17 18:48:24,535 [Worker-29: Launching maven-demo (3)] INFO  o.eclipse.m2e.core.internal.Bundles - getClasspathEntries(Bundle=slf4j.api_2.0.16 [1007])
2026-05-17 18:48:24,535 [Worker-29: Launching maven-demo (3)] INFO  o.eclipse.m2e.core.internal.Bundles - 	Entry: C:\Users\admin\.p2\pool\plugins\slf4j.api_2.0.16.jar
2026-05-17 18:48:24,536 [Worker-29: Launching maven-demo (3)] INFO  o.eclipse.m2e.core.internal.Bundles - getClasspathEntries(Bundle=jakarta.inject.jakarta.inject-api_1.0.5 [34])
2026-05-17 18:48:24,536 [Worker-29: Launching maven-demo (3)] INFO  o.eclipse.m2e.core.internal.Bundles - 	Entry: C:\Users\admin\.p2\pool\plugins\jakarta.inject.jakarta.inject-api_1.0.5.jar
2026-05-17 18:48:24,536 [Worker-29: Launching maven-demo (3)] INFO  o.eclipse.m2e.core.internal.Bundles - getClasspathEntries(Bundle=jakarta.annotation-api_1.3.5 [29])
2026-05-17 18:48:24,536 [Worker-29: Launching maven-demo (3)] INFO  o.eclipse.m2e.core.internal.Bundles - 	Entry: C:\Users\admin\.p2\pool\plugins\jakarta.annotation-api_1.3.5.jar
2026-05-17 18:48:24,537 [Worker-29: Launching maven-demo (3)] INFO  o.eclipse.m2e.core.internal.Bundles - getClasspathEntries(Bundle=org.apache.commons.cli_1.9.0 [78])
2026-05-17 18:48:24,537 [Worker-29: Launching maven-demo (3)] INFO  o.eclipse.m2e.core.internal.Bundles - 	Entry: C:\Users\admin\.p2\pool\plugins\org.apache.commons.cli_1.9.0.jar
2026-05-17 18:48:24,537 [Worker-29: Launching maven-demo (3)] INFO  o.eclipse.m2e.core.internal.Bundles - getClasspathEntries(Bundle=org.apache.commons.commons-codec_1.16.0 [81])
2026-05-17 18:48:24,538 [Worker-29: Launching maven-demo (3)] INFO  o.eclipse.m2e.core.internal.Bundles - 	Entry: C:\Users\admin\.p2\pool\plugins\org.apache.commons.commons-codec_1.16.0.jar
2026-05-17 18:48:24,538 [Worker-29: Launching maven-demo (3)] INFO  o.eclipse.m2e.core.internal.Bundles - getClasspathEntries(Bundle=com.google.guava.failureaccess_1.0.2 [17])
2026-05-17 18:48:24,538 [Worker-29: Launching maven-demo (3)] INFO  o.eclipse.m2e.core.internal.Bundles - 	Entry: C:\Users\admin\.p2\pool\plugins\com.google.guava.failureaccess_1.0.2.jar
2026-05-17 18:48:24,539 [Worker-29: Launching maven-demo (3)] INFO  o.e.m.i.launch.MavenLaunchDelegate - Run build in "C:\JBLD94\maven-demo":
2026-05-17 18:48:24,539 [Worker-29: Launching maven-demo (3)] INFO  o.e.m.i.launch.MavenLaunchDelegate -  mvn  -B -Dstyle.color=always clean install
